{"/Users/costyn/Developer/platformio/lilygo-motion-controller/webapp/src/App.tsx": {"path":"/Users/costyn/Developer/platformio/lilygo-motion-controller/webapp/src/App.tsx","all":true,"statementMap":{"0":{"start":{"line":1,"column":0},"end":{"line":1,"column":39}},"1":{"start":{"line":2,"column":0},"end":{"line":2,"column":58}},"2":{"start":{"line":3,"column":0},"end":{"line":3,"column":58}},"3":{"start":{"line":4,"column":0},"end":{"line":4,"column":67}},"4":{"start":{"line":5,"column":0},"end":{"line":5,"column":67}},"5":{"start":{"line":6,"column":0},"end":{"line":6,"column":75}},"6":{"start":{"line":7,"column":0},"end":{"line":7,"column":65}},"7":{"start":{"line":8,"column":0},"end":{"line":8,"column":78}},"8":{"start":{"line":9,"column":0},"end":{"line":9,"column":63}},"9":{"start":{"line":10,"column":0},"end":{"line":10,"column":47}},"10":{"start":{"line":11,"column":0},"end":{"line":11,"column":64}},"12":{"start":{"line":13,"column":0},"end":{"line":13,"column":23}},"13":{"start":{"line":14,"column":0},"end":{"line":14,"column":65}},"15":{"start":{"line":16,"column":0},"end":{"line":16,"column":9}},"16":{"start":{"line":17,"column":0},"end":{"line":17,"column":20}},"17":{"start":{"line":18,"column":0},"end":{"line":18,"column":16}},"18":{"start":{"line":19,"column":0},"end":{"line":19,"column":16}},"19":{"start":{"line":20,"column":0},"end":{"line":20,"column":16}},"20":{"start":{"line":21,"column":0},"end":{"line":21,"column":11}},"21":{"start":{"line":22,"column":0},"end":{"line":22,"column":18}},"22":{"start":{"line":23,"column":0},"end":{"line":23,"column":23}},"23":{"start":{"line":24,"column":0},"end":{"line":24,"column":17}},"24":{"start":{"line":25,"column":0},"end":{"line":25,"column":13}},"25":{"start":{"line":26,"column":0},"end":{"line":26,"column":12}},"26":{"start":{"line":27,"column":0},"end":{"line":27,"column":19}},"27":{"start":{"line":28,"column":0},"end":{"line":28,"column":26}},"30":{"start":{"line":31,"column":0},"end":{"line":31,"column":82}},"33":{"start":{"line":34,"column":0},"end":{"line":34,"column":25}},"34":{"start":{"line":35,"column":0},"end":{"line":35,"column":55}},"35":{"start":{"line":36,"column":0},"end":{"line":36,"column":28}},"37":{"start":{"line":38,"column":0},"end":{"line":38,"column":80}},"38":{"start":{"line":39,"column":0},"end":{"line":39,"column":30}},"39":{"start":{"line":40,"column":0},"end":{"line":40,"column":3}},"41":{"start":{"line":42,"column":0},"end":{"line":42,"column":31}},"42":{"start":{"line":43,"column":0},"end":{"line":43,"column":13}},"43":{"start":{"line":44,"column":0},"end":{"line":44,"column":3}},"45":{"start":{"line":46,"column":0},"end":{"line":46,"column":55}},"46":{"start":{"line":47,"column":0},"end":{"line":47,"column":88}},"47":{"start":{"line":48,"column":0},"end":{"line":48,"column":59}},"48":{"start":{"line":49,"column":0},"end":{"line":49,"column":33}},"49":{"start":{"line":50,"column":0},"end":{"line":50,"column":3}},"51":{"start":{"line":52,"column":0},"end":{"line":52,"column":10}},"52":{"start":{"line":53,"column":0},"end":{"line":53,"column":48}},"54":{"start":{"line":55,"column":0},"end":{"line":55,"column":35}},"55":{"start":{"line":56,"column":0},"end":{"line":56,"column":87}},"56":{"start":{"line":57,"column":0},"end":{"line":57,"column":74}},"57":{"start":{"line":58,"column":0},"end":{"line":58,"column":51}},"58":{"start":{"line":59,"column":0},"end":{"line":59,"column":30}},"59":{"start":{"line":60,"column":0},"end":{"line":60,"column":21}},"60":{"start":{"line":61,"column":0},"end":{"line":61,"column":33}},"61":{"start":{"line":62,"column":0},"end":{"line":62,"column":25}},"62":{"start":{"line":63,"column":0},"end":{"line":63,"column":41}},"63":{"start":{"line":64,"column":0},"end":{"line":64,"column":55}},"65":{"start":{"line":66,"column":0},"end":{"line":66,"column":104}},"66":{"start":{"line":67,"column":0},"end":{"line":67,"column":24}},"68":{"start":{"line":69,"column":0},"end":{"line":69,"column":23}},"70":{"start":{"line":71,"column":0},"end":{"line":71,"column":19}},"71":{"start":{"line":72,"column":0},"end":{"line":72,"column":31}},"72":{"start":{"line":73,"column":0},"end":{"line":73,"column":23}},"73":{"start":{"line":74,"column":0},"end":{"line":74,"column":55}},"75":{"start":{"line":76,"column":0},"end":{"line":76,"column":51}},"77":{"start":{"line":78,"column":0},"end":{"line":78,"column":21}},"78":{"start":{"line":79,"column":0},"end":{"line":79,"column":19}},"79":{"start":{"line":80,"column":0},"end":{"line":80,"column":31}},"80":{"start":{"line":81,"column":0},"end":{"line":81,"column":23}},"81":{"start":{"line":82,"column":0},"end":{"line":82,"column":21}},"83":{"start":{"line":84,"column":0},"end":{"line":84,"column":16}},"84":{"start":{"line":85,"column":0},"end":{"line":85,"column":30}},"85":{"start":{"line":86,"column":0},"end":{"line":86,"column":31}},"86":{"start":{"line":87,"column":0},"end":{"line":87,"column":41}},"87":{"start":{"line":88,"column":0},"end":{"line":88,"column":45}},"89":{"start":{"line":90,"column":0},"end":{"line":90,"column":57}},"91":{"start":{"line":92,"column":0},"end":{"line":92,"column":18}},"92":{"start":{"line":93,"column":0},"end":{"line":93,"column":21}},"93":{"start":{"line":94,"column":0},"end":{"line":94,"column":27}},"94":{"start":{"line":95,"column":0},"end":{"line":95,"column":16}},"95":{"start":{"line":96,"column":0},"end":{"line":96,"column":14}},"96":{"start":{"line":97,"column":0},"end":{"line":97,"column":15}},"99":{"start":{"line":100,"column":0},"end":{"line":100,"column":52}},"100":{"start":{"line":101,"column":0},"end":{"line":101,"column":66}},"102":{"start":{"line":103,"column":0},"end":{"line":103,"column":41}},"103":{"start":{"line":104,"column":0},"end":{"line":104,"column":24}},"104":{"start":{"line":105,"column":0},"end":{"line":105,"column":39}},"105":{"start":{"line":106,"column":0},"end":{"line":106,"column":47}},"106":{"start":{"line":107,"column":0},"end":{"line":107,"column":14}},"107":{"start":{"line":108,"column":0},"end":{"line":108,"column":16}},"110":{"start":{"line":111,"column":0},"end":{"line":111,"column":22}},"111":{"start":{"line":112,"column":0},"end":{"line":112,"column":37}},"112":{"start":{"line":113,"column":0},"end":{"line":113,"column":43}},"113":{"start":{"line":114,"column":0},"end":{"line":114,"column":53}},"114":{"start":{"line":115,"column":0},"end":{"line":115,"column":31}},"115":{"start":{"line":116,"column":0},"end":{"line":116,"column":39}},"116":{"start":{"line":117,"column":0},"end":{"line":117,"column":37}},"117":{"start":{"line":118,"column":0},"end":{"line":118,"column":43}},"118":{"start":{"line":119,"column":0},"end":{"line":119,"column":53}},"119":{"start":{"line":120,"column":0},"end":{"line":120,"column":45}},"120":{"start":{"line":121,"column":0},"end":{"line":121,"column":12}},"123":{"start":{"line":124,"column":0},"end":{"line":124,"column":26}},"124":{"start":{"line":125,"column":0},"end":{"line":125,"column":37}},"125":{"start":{"line":126,"column":0},"end":{"line":126,"column":43}},"126":{"start":{"line":127,"column":0},"end":{"line":127,"column":53}},"127":{"start":{"line":128,"column":0},"end":{"line":128,"column":50}},"128":{"start":{"line":129,"column":0},"end":{"line":129,"column":37}},"129":{"start":{"line":130,"column":0},"end":{"line":130,"column":31}},"130":{"start":{"line":131,"column":0},"end":{"line":131,"column":42}},"131":{"start":{"line":132,"column":0},"end":{"line":132,"column":29}},"132":{"start":{"line":133,"column":0},"end":{"line":133,"column":12}},"133":{"start":{"line":134,"column":0},"end":{"line":134,"column":14}},"134":{"start":{"line":135,"column":0},"end":{"line":135,"column":24}},"135":{"start":{"line":136,"column":0},"end":{"line":136,"column":13}},"138":{"start":{"line":139,"column":0},"end":{"line":139,"column":40}},"139":{"start":{"line":140,"column":0},"end":{"line":140,"column":95}},"140":{"start":{"line":141,"column":0},"end":{"line":141,"column":13}},"141":{"start":{"line":142,"column":0},"end":{"line":142,"column":62}},"142":{"start":{"line":143,"column":0},"end":{"line":143,"column":88}},"143":{"start":{"line":144,"column":0},"end":{"line":144,"column":14}},"144":{"start":{"line":145,"column":0},"end":{"line":145,"column":14}},"145":{"start":{"line":146,"column":0},"end":{"line":146,"column":15}},"148":{"start":{"line":149,"column":0},"end":{"line":149,"column":24}},"149":{"start":{"line":150,"column":0},"end":{"line":150,"column":31}},"150":{"start":{"line":151,"column":0},"end":{"line":151,"column":42}},"151":{"start":{"line":152,"column":0},"end":{"line":152,"column":35}},"152":{"start":{"line":153,"column":0},"end":{"line":153,"column":30}},"153":{"start":{"line":154,"column":0},"end":{"line":154,"column":33}},"154":{"start":{"line":155,"column":0},"end":{"line":155,"column":8}},"155":{"start":{"line":156,"column":0},"end":{"line":156,"column":10}},"157":{"start":{"line":158,"column":0},"end":{"line":158,"column":1}},"159":{"start":{"line":160,"column":0},"end":{"line":160,"column":16}},"160":{"start":{"line":161,"column":0},"end":{"line":161,"column":10}},"161":{"start":{"line":162,"column":0},"end":{"line":162,"column":41}},"162":{"start":{"line":163,"column":0},"end":{"line":163,"column":20}},"163":{"start":{"line":164,"column":0},"end":{"line":164,"column":20}},"165":{"start":{"line":166,"column":0},"end":{"line":166,"column":1}},"167":{"start":{"line":168,"column":0},"end":{"line":168,"column":18}}},"s":{"0":0,"1":0,"2":0,"3":0,"4":0,"5":0,"6":0,"7":0,"8":0,"9":0,"10":0,"12":0,"13":0,"15":0,"16":0,"17":0,"18":0,"19":0,"20":0,"21":0,"22":0,"23":0,"24":0,"25":0,"26":0,"27":0,"30":0,"33":0,"34":0,"35":0,"37":0,"38":0,"39":0,"41":0,"42":0,"43":0,"45":0,"46":0,"47":0,"48":0,"49":0,"51":0,"52":0,"54":0,"55":0,"56":0,"57":0,"58":0,"59":0,"60":0,"61":0,"62":0,"63":0,"65":0,"66":0,"68":0,"70":0,"71":0,"72":0,"73":0,"75":0,"77":0,"78":0,"79":0,"80":0,"81":0,"83":0,"84":0,"85":0,"86":0,"87":0,"89":0,"91":0,"92":0,"93":0,"94":0,"95":0,"96":0,"99":0,"100":0,"102":0,"103":0,"104":0,"105":0,"106":0,"107":0,"110":0,"111":0,"112":0,"113":0,"114":0,"115":0,"116":0,"117":0,"118":0,"119":0,"120":0,"123":0,"124":0,"125":0,"126":0,"127":0,"128":0,"129":0,"130":0,"131":0,"132":0,"133":0,"134":0,"135":0,"138":0,"139":0,"140":0,"141":0,"142":0,"143":0,"144":0,"145":0,"148":0,"149":0,"150":0,"151":0,"152":0,"153":0,"154":0,"155":0,"157":0,"159":0,"160":0,"161":0,"162":0,"163":0,"165":0,"167":0},"branchMap":{"0":{"type":"branch","line":1,"loc":{"start":{"line":1,"column":5278},"end":{"line":168,"column":18}},"locations":[{"start":{"line":1,"column":5278},"end":{"line":168,"column":18}}]}},"b":{"0":[0]},"fnMap":{"0":{"name":"(empty-report)","decl":{"start":{"line":1,"column":5278},"end":{"line":168,"column":18}},"loc":{"start":{"line":1,"column":5278},"end":{"line":168,"column":18}},"line":1}},"f":{"0":0}}
,"/Users/costyn/Developer/platformio/lilygo-motion-controller/webapp/src/main.tsx": {"path":"/Users/costyn/Developer/platformio/lilygo-motion-controller/webapp/src/main.tsx","all":true,"statementMap":{"0":{"start":{"line":1,"column":0},"end":{"line":1,"column":34}},"1":{"start":{"line":2,"column":0},"end":{"line":2,"column":45}},"2":{"start":{"line":3,"column":0},"end":{"line":3,"column":27}},"3":{"start":{"line":4,"column":0},"end":{"line":4,"column":20}},"5":{"start":{"line":6,"column":0},"end":{"line":6,"column":51}},"6":{"start":{"line":7,"column":0},"end":{"line":7,"column":19}},"7":{"start":{"line":8,"column":0},"end":{"line":8,"column":43}},"8":{"start":{"line":9,"column":0},"end":{"line":9,"column":1}},"10":{"start":{"line":11,"column":0},"end":{"line":11,"column":31}},"11":{"start":{"line":12,"column":0},"end":{"line":12,"column":14}},"12":{"start":{"line":13,"column":0},"end":{"line":13,"column":11}},"13":{"start":{"line":14,"column":0},"end":{"line":14,"column":15}},"14":{"start":{"line":15,"column":0},"end":{"line":15,"column":1}}},"s":{"0":0,"1":0,"2":0,"3":0,"5":0,"6":0,"7":0,"8":0,"10":0,"11":0,"12":0,"13":0,"14":0},"branchMap":{"0":{"type":"branch","line":1,"loc":{"start":{"line":1,"column":301},"end":{"line":15,"column":-217}},"locations":[{"start":{"line":1,"column":301},"end":{"line":15,"column":-217}}]}},"b":{"0":[0]},"fnMap":{"0":{"name":"(empty-report)","decl":{"start":{"line":1,"column":301},"end":{"line":15,"column":-217}},"loc":{"start":{"line":1,"column":301},"end":{"line":15,"column":-217}},"line":1}},"f":{"0":0}}
,"/Users/costyn/Developer/platformio/lilygo-motion-controller/webapp/src/vite-env.d.ts": {"path":"/Users/costyn/Developer/platformio/lilygo-motion-controller/webapp/src/vite-env.d.ts","all":true,"statementMap":{},"s":{},"branchMap":{"0":{"type":"branch","line":1,"loc":{"start":{"line":1,"column":37},"end":{"line":1,"column":37}},"locations":[{"start":{"line":1,"column":37},"end":{"line":1,"column":37}}]}},"b":{"0":[1]},"fnMap":{"0":{"name":"(empty-report)","decl":{"start":{"line":1,"column":37},"end":{"line":1,"column":37}},"loc":{"start":{"line":1,"column":37},"end":{"line":1,"column":37}},"line":1}},"f":{"0":1}}
,"/Users/costyn/Developer/platformio/lilygo-motion-controller/webapp/src/components/ThemeProvider.tsx": {"path":"/Users/costyn/Developer/platformio/lilygo-motion-controller/webapp/src/components/ThemeProvider.tsx","all":true,"statementMap":{"0":{"start":{"line":1,"column":0},"end":{"line":1,"column":77}},"1":{"start":{"line":2,"column":0},"end":{"line":2,"column":72}},"8":{"start":{"line":9,"column":0},"end":{"line":9,"column":44}},"11":{"start":{"line":12,"column":0},"end":{"line":12,"column":4}},"12":{"start":{"line":13,"column":0},"end":{"line":13,"column":20}},"13":{"start":{"line":14,"column":0},"end":{"line":14,"column":25}},"14":{"start":{"line":15,"column":0},"end":{"line":15,"column":2}},"16":{"start":{"line":17,"column":0},"end":{"line":17,"column":31}},"17":{"start":{"line":18,"column":0},"end":{"line":18,"column":13}},"18":{"start":{"line":19,"column":0},"end":{"line":19,"column":28}},"19":{"start":{"line":20,"column":0},"end":{"line":20,"column":24}},"20":{"start":{"line":21,"column":0},"end":{"line":21,"column":53}},"22":{"start":{"line":23,"column":0},"end":{"line":23,"column":51}},"23":{"start":{"line":24,"column":0},"end":{"line":24,"column":6}},"25":{"start":{"line":26,"column":0},"end":{"line":26,"column":21}},"27":{"start":{"line":28,"column":0},"end":{"line":28,"column":25}},"28":{"start":{"line":29,"column":0},"end":{"line":29,"column":15}},"30":{"start":{"line":31,"column":0},"end":{"line":31,"column":46}},"31":{"start":{"line":32,"column":0},"end":{"line":32,"column":26}},"32":{"start":{"line":33,"column":0},"end":{"line":33,"column":40}},"33":{"start":{"line":34,"column":0},"end":{"line":34,"column":5}},"35":{"start":{"line":36,"column":0},"end":{"line":36,"column":21}},"37":{"start":{"line":38,"column":0},"end":{"line":38,"column":33}},"38":{"start":{"line":39,"column":0},"end":{"line":39,"column":80}},"39":{"start":{"line":40,"column":0},"end":{"line":40,"column":56}},"41":{"start":{"line":42,"column":0},"end":{"line":42,"column":63}},"42":{"start":{"line":43,"column":0},"end":{"line":43,"column":79}},"43":{"start":{"line":44,"column":0},"end":{"line":44,"column":9}},"44":{"start":{"line":45,"column":0},"end":{"line":45,"column":15}},"46":{"start":{"line":47,"column":0},"end":{"line":47,"column":12}},"47":{"start":{"line":48,"column":0},"end":{"line":48,"column":80}},"48":{"start":{"line":49,"column":0},"end":{"line":49,"column":22}},"49":{"start":{"line":50,"column":0},"end":{"line":50,"column":40}},"51":{"start":{"line":52,"column":0},"end":{"line":52,"column":1}},"53":{"start":{"line":54,"column":0},"end":{"line":54,"column":31}},"54":{"start":{"line":55,"column":0},"end":{"line":55,"column":52}},"55":{"start":{"line":56,"column":0},"end":{"line":56,"column":81}},"56":{"start":{"line":57,"column":0},"end":{"line":57,"column":18}},"57":{"start":{"line":58,"column":0},"end":{"line":58,"column":1}}},"s":{"0":0,"1":0,"8":0,"11":0,"12":0,"13":0,"14":0,"16":0,"17":0,"18":0,"19":0,"20":0,"22":0,"23":0,"25":0,"27":0,"28":0,"30":0,"31":0,"32":0,"33":0,"35":0,"37":0,"38":0,"39":0,"41":0,"42":0,"43":0,"44":0,"46":0,"47":0,"48":0,"49":0,"51":0,"53":0,"54":0,"55":0,"56":0,"57":0},"branchMap":{"0":{"type":"branch","line":1,"loc":{"start":{"line":1,"column":1671},"end":{"line":58,"column":1}},"locations":[{"start":{"line":1,"column":1671},"end":{"line":58,"column":1}}]}},"b":{"0":[0]},"fnMap":{"0":{"name":"(empty-report)","decl":{"start":{"line":1,"column":1671},"end":{"line":58,"column":1}},"loc":{"start":{"line":1,"column":1671},"end":{"line":58,"column":1}},"line":1}},"f":{"0":0}}
,"/Users/costyn/Developer/platformio/lilygo-motion-controller/webapp/src/components/DebugConsole/DebugConsole.tsx": {"path":"/Users/costyn/Developer/platformio/lilygo-motion-controller/webapp/src/components/DebugConsole/DebugConsole.tsx","all":true,"statementMap":{"0":{"start":{"line":1,"column":0},"end":{"line":1,"column":59}},"1":{"start":{"line":2,"column":0},"end":{"line":2,"column":80}},"2":{"start":{"line":3,"column":0},"end":{"line":3,"column":48}},"3":{"start":{"line":4,"column":0},"end":{"line":4,"column":74}},"4":{"start":{"line":5,"column":0},"end":{"line":5,"column":28}},"6":{"start":{"line":7,"column":0},"end":{"line":7,"column":38}},"7":{"start":{"line":8,"column":0},"end":{"line":8,"column":52}},"8":{"start":{"line":9,"column":0},"end":{"line":9,"column":57}},"9":{"start":{"line":10,"column":0},"end":{"line":10,"column":120}},"10":{"start":{"line":11,"column":0},"end":{"line":11,"column":50}},"11":{"start":{"line":12,"column":0},"end":{"line":12,"column":47}},"13":{"start":{"line":14,"column":0},"end":{"line":14,"column":34}},"14":{"start":{"line":15,"column":0},"end":{"line":15,"column":24}},"15":{"start":{"line":16,"column":0},"end":{"line":16,"column":48}},"16":{"start":{"line":17,"column":0},"end":{"line":17,"column":5}},"18":{"start":{"line":19,"column":0},"end":{"line":19,"column":38}},"19":{"start":{"line":20,"column":0},"end":{"line":20,"column":70}},"21":{"start":{"line":22,"column":0},"end":{"line":22,"column":76}},"22":{"start":{"line":23,"column":0},"end":{"line":23,"column":63}},"24":{"start":{"line":25,"column":0},"end":{"line":25,"column":36}},"26":{"start":{"line":27,"column":0},"end":{"line":27,"column":23}},"27":{"start":{"line":28,"column":0},"end":{"line":28,"column":39}},"28":{"start":{"line":29,"column":0},"end":{"line":29,"column":68}},"29":{"start":{"line":30,"column":0},"end":{"line":30,"column":6}},"31":{"start":{"line":32,"column":0},"end":{"line":32,"column":31}},"32":{"start":{"line":33,"column":0},"end":{"line":33,"column":49}},"33":{"start":{"line":34,"column":0},"end":{"line":34,"column":6}},"35":{"start":{"line":36,"column":0},"end":{"line":36,"column":24}},"36":{"start":{"line":37,"column":0},"end":{"line":37,"column":27}},"37":{"start":{"line":38,"column":0},"end":{"line":38,"column":42}},"38":{"start":{"line":39,"column":0},"end":{"line":39,"column":60}},"39":{"start":{"line":40,"column":0},"end":{"line":40,"column":6}},"41":{"start":{"line":42,"column":0},"end":{"line":42,"column":29}},"42":{"start":{"line":43,"column":0},"end":{"line":43,"column":53}},"43":{"start":{"line":44,"column":0},"end":{"line":44,"column":42}},"44":{"start":{"line":45,"column":0},"end":{"line":45,"column":59}},"45":{"start":{"line":46,"column":0},"end":{"line":46,"column":6}},"47":{"start":{"line":48,"column":0},"end":{"line":48,"column":23}},"48":{"start":{"line":49,"column":0},"end":{"line":49,"column":4}},"51":{"start":{"line":52,"column":0},"end":{"line":52,"column":19}},"52":{"start":{"line":53,"column":0},"end":{"line":53,"column":23}},"54":{"start":{"line":55,"column":0},"end":{"line":55,"column":18}},"55":{"start":{"line":56,"column":0},"end":{"line":56,"column":26}},"56":{"start":{"line":57,"column":0},"end":{"line":57,"column":30}},"57":{"start":{"line":58,"column":0},"end":{"line":58,"column":29}},"58":{"start":{"line":59,"column":0},"end":{"line":59,"column":7}},"59":{"start":{"line":60,"column":0},"end":{"line":60,"column":6}},"60":{"start":{"line":61,"column":0},"end":{"line":61,"column":9}},"63":{"start":{"line":64,"column":0},"end":{"line":64,"column":19}},"64":{"start":{"line":65,"column":0},"end":{"line":65,"column":29}},"65":{"start":{"line":66,"column":0},"end":{"line":66,"column":69}},"66":{"start":{"line":67,"column":0},"end":{"line":67,"column":5}},"67":{"start":{"line":68,"column":0},"end":{"line":68,"column":17}},"69":{"start":{"line":70,"column":0},"end":{"line":70,"column":30}},"70":{"start":{"line":71,"column":0},"end":{"line":71,"column":29}},"71":{"start":{"line":72,"column":0},"end":{"line":72,"column":4}},"73":{"start":{"line":74,"column":0},"end":{"line":74,"column":29}},"74":{"start":{"line":75,"column":0},"end":{"line":75,"column":20}},"75":{"start":{"line":76,"column":0},"end":{"line":76,"column":4}},"77":{"start":{"line":78,"column":0},"end":{"line":78,"column":33}},"78":{"start":{"line":79,"column":0},"end":{"line":79,"column":24}},"79":{"start":{"line":80,"column":0},"end":{"line":80,"column":28}},"80":{"start":{"line":81,"column":0},"end":{"line":81,"column":27}},"81":{"start":{"line":82,"column":0},"end":{"line":82,"column":5}},"82":{"start":{"line":83,"column":0},"end":{"line":83,"column":23}},"83":{"start":{"line":84,"column":0},"end":{"line":84,"column":4}},"85":{"start":{"line":86,"column":0},"end":{"line":86,"column":35}},"86":{"start":{"line":87,"column":0},"end":{"line":87,"column":44}},"87":{"start":{"line":88,"column":0},"end":{"line":88,"column":76}},"88":{"start":{"line":89,"column":0},"end":{"line":89,"column":50}},"89":{"start":{"line":90,"column":0},"end":{"line":90,"column":57}},"90":{"start":{"line":91,"column":0},"end":{"line":91,"column":12}},"91":{"start":{"line":92,"column":0},"end":{"line":92,"column":58}},"92":{"start":{"line":93,"column":0},"end":{"line":93,"column":5}},"93":{"start":{"line":94,"column":0},"end":{"line":94,"column":4}},"95":{"start":{"line":96,"column":0},"end":{"line":96,"column":10}},"96":{"start":{"line":97,"column":0},"end":{"line":97,"column":27}},"97":{"start":{"line":98,"column":0},"end":{"line":98,"column":35}},"98":{"start":{"line":99,"column":0},"end":{"line":99,"column":73}},"99":{"start":{"line":100,"column":0},"end":{"line":100,"column":51}},"100":{"start":{"line":101,"column":0},"end":{"line":101,"column":38}},"101":{"start":{"line":102,"column":0},"end":{"line":102,"column":33}},"102":{"start":{"line":103,"column":0},"end":{"line":103,"column":16}},"103":{"start":{"line":104,"column":0},"end":{"line":104,"column":51}},"104":{"start":{"line":105,"column":0},"end":{"line":105,"column":19}},"105":{"start":{"line":106,"column":0},"end":{"line":106,"column":31}},"106":{"start":{"line":107,"column":0},"end":{"line":107,"column":23}},"107":{"start":{"line":108,"column":0},"end":{"line":108,"column":36}},"109":{"start":{"line":110,"column":0},"end":{"line":110,"column":43}},"110":{"start":{"line":111,"column":0},"end":{"line":111,"column":21}},"111":{"start":{"line":112,"column":0},"end":{"line":112,"column":27}},"112":{"start":{"line":113,"column":0},"end":{"line":113,"column":16}},"113":{"start":{"line":114,"column":0},"end":{"line":114,"column":23}},"114":{"start":{"line":115,"column":0},"end":{"line":115,"column":35}},"115":{"start":{"line":116,"column":0},"end":{"line":116,"column":27}},"116":{"start":{"line":117,"column":0},"end":{"line":117,"column":39}},"118":{"start":{"line":119,"column":0},"end":{"line":119,"column":48}},"119":{"start":{"line":120,"column":0},"end":{"line":120,"column":25}},"120":{"start":{"line":121,"column":0},"end":{"line":121,"column":57}},"121":{"start":{"line":122,"column":0},"end":{"line":122,"column":25}},"122":{"start":{"line":123,"column":0},"end":{"line":123,"column":37}},"123":{"start":{"line":124,"column":0},"end":{"line":124,"column":29}},"124":{"start":{"line":125,"column":0},"end":{"line":125,"column":45}},"126":{"start":{"line":127,"column":0},"end":{"line":127,"column":53}},"127":{"start":{"line":128,"column":0},"end":{"line":128,"column":27}},"129":{"start":{"line":130,"column":0},"end":{"line":130,"column":17}},"131":{"start":{"line":132,"column":0},"end":{"line":132,"column":16}},"132":{"start":{"line":133,"column":0},"end":{"line":133,"column":20}},"133":{"start":{"line":134,"column":0},"end":{"line":134,"column":19}},"134":{"start":{"line":135,"column":0},"end":{"line":135,"column":21}},"135":{"start":{"line":136,"column":0},"end":{"line":136,"column":21}},"136":{"start":{"line":137,"column":0},"end":{"line":137,"column":14}},"137":{"start":{"line":138,"column":0},"end":{"line":138,"column":28}},"138":{"start":{"line":139,"column":0},"end":{"line":139,"column":44}},"140":{"start":{"line":141,"column":0},"end":{"line":141,"column":43}},"141":{"start":{"line":142,"column":0},"end":{"line":142,"column":91}},"142":{"start":{"line":143,"column":0},"end":{"line":143,"column":21}},"143":{"start":{"line":144,"column":0},"end":{"line":144,"column":20}},"144":{"start":{"line":145,"column":0},"end":{"line":145,"column":15}},"145":{"start":{"line":146,"column":0},"end":{"line":146,"column":16}},"146":{"start":{"line":147,"column":0},"end":{"line":147,"column":22}},"148":{"start":{"line":149,"column":0},"end":{"line":149,"column":11}},"150":{"start":{"line":151,"column":0},"end":{"line":151,"column":2}},"152":{"start":{"line":153,"column":0},"end":{"line":153,"column":28}}},"s":{"0":0,"1":0,"2":0,"3":0,"4":0,"6":0,"7":0,"8":0,"9":0,"10":0,"11":0,"13":0,"14":0,"15":0,"16":0,"18":0,"19":0,"21":0,"22":0,"24":0,"26":0,"27":0,"28":0,"29":0,"31":0,"32":0,"33":0,"35":0,"36":0,"37":0,"38":0,"39":0,"41":0,"42":0,"43":0,"44":0,"45":0,"47":0,"48":0,"51":0,"52":0,"54":0,"55":0,"56":0,"57":0,"58":0,"59":0,"60":0,"63":0,"64":0,"65":0,"66":0,"67":0,"69":0,"70":0,"71":0,"73":0,"74":0,"75":0,"77":0,"78":0,"79":0,"80":0,"81":0,"82":0,"83":0,"85":0,"86":0,"87":0,"88":0,"89":0,"90":0,"91":0,"92":0,"93":0,"95":0,"96":0,"97":0,"98":0,"99":0,"100":0,"101":0,"102":0,"103":0,"104":0,"105":0,"106":0,"107":0,"109":0,"110":0,"111":0,"112":0,"113":0,"114":0,"115":0,"116":0,"118":0,"119":0,"120":0,"121":0,"122":0,"123":0,"124":0,"126":0,"127":0,"129":0,"131":0,"132":0,"133":0,"134":0,"135":0,"136":0,"137":0,"138":0,"140":0,"141":0,"142":0,"143":0,"144":0,"145":0,"146":0,"148":0,"150":0,"152":0},"branchMap":{"0":{"type":"branch","line":1,"loc":{"start":{"line":1,"column":4373},"end":{"line":153,"column":28}},"locations":[{"start":{"line":1,"column":4373},"end":{"line":153,"column":28}}]}},"b":{"0":[0]},"fnMap":{"0":{"name":"(empty-report)","decl":{"start":{"line":1,"column":4373},"end":{"line":153,"column":28}},"loc":{"start":{"line":1,"column":4373},"end":{"line":153,"column":28}},"line":1}},"f":{"0":0}}
,"/Users/costyn/Developer/platformio/lilygo-motion-controller/webapp/src/components/MotorConfig/MotorConfigDialog.tsx": {"path":"/Users/costyn/Developer/platformio/lilygo-motion-controller/webapp/src/components/MotorConfig/MotorConfigDialog.tsx","all":false,"statementMap":{"0":{"start":{"line":1,"column":0},"end":{"line":1,"column":103}},"1":{"start":{"line":2,"column":0},"end":{"line":2,"column":47}},"2":{"start":{"line":3,"column":0},"end":{"line":3,"column":45}},"3":{"start":{"line":4,"column":0},"end":{"line":4,"column":47}},"4":{"start":{"line":5,"column":0},"end":{"line":5,"column":45}},"5":{"start":{"line":6,"column":0},"end":{"line":6,"column":43}},"16":{"start":{"line":17,"column":0},"end":{"line":17,"column":35}},"17":{"start":{"line":18,"column":0},"end":{"line":18,"column":7}},"18":{"start":{"line":19,"column":0},"end":{"line":19,"column":15}},"19":{"start":{"line":20,"column":0},"end":{"line":20,"column":16}},"20":{"start":{"line":21,"column":0},"end":{"line":21,"column":10}},"21":{"start":{"line":22,"column":0},"end":{"line":22,"column":13}},"22":{"start":{"line":23,"column":0},"end":{"line":23,"column":28}},"24":{"start":{"line":25,"column":0},"end":{"line":25,"column":66}},"25":{"start":{"line":26,"column":0},"end":{"line":26,"column":78}},"26":{"start":{"line":27,"column":0},"end":{"line":27,"column":84}},"27":{"start":{"line":28,"column":0},"end":{"line":28,"column":66}},"28":{"start":{"line":29,"column":0},"end":{"line":29,"column":66}},"31":{"start":{"line":32,"column":0},"end":{"line":32,"column":73}},"32":{"start":{"line":33,"column":0},"end":{"line":33,"column":81}},"33":{"start":{"line":34,"column":0},"end":{"line":34,"column":73}},"34":{"start":{"line":35,"column":0},"end":{"line":35,"column":73}},"37":{"start":{"line":38,"column":0},"end":{"line":38,"column":19}},"38":{"start":{"line":39,"column":0},"end":{"line":39,"column":15}},"39":{"start":{"line":40,"column":0},"end":{"line":40,"column":41}},"40":{"start":{"line":41,"column":0},"end":{"line":41,"column":49}},"41":{"start":{"line":42,"column":0},"end":{"line":42,"column":53}},"42":{"start":{"line":43,"column":0},"end":{"line":43,"column":41}},"43":{"start":{"line":44,"column":0},"end":{"line":44,"column":41}},"44":{"start":{"line":45,"column":0},"end":{"line":45,"column":28}},"45":{"start":{"line":46,"column":0},"end":{"line":46,"column":32}},"46":{"start":{"line":47,"column":0},"end":{"line":47,"column":28}},"47":{"start":{"line":48,"column":0},"end":{"line":48,"column":28}},"48":{"start":{"line":49,"column":0},"end":{"line":49,"column":5}},"49":{"start":{"line":50,"column":0},"end":{"line":50,"column":27}},"52":{"start":{"line":53,"column":0},"end":{"line":53,"column":47}},"53":{"start":{"line":54,"column":0},"end":{"line":54,"column":40}},"54":{"start":{"line":55,"column":0},"end":{"line":55,"column":62}},"55":{"start":{"line":56,"column":0},"end":{"line":56,"column":5}},"56":{"start":{"line":57,"column":0},"end":{"line":57,"column":15}},"57":{"start":{"line":58,"column":0},"end":{"line":58,"column":3}},"59":{"start":{"line":60,"column":0},"end":{"line":60,"column":51}},"60":{"start":{"line":61,"column":0},"end":{"line":61,"column":40}},"61":{"start":{"line":62,"column":0},"end":{"line":62,"column":70}},"62":{"start":{"line":63,"column":0},"end":{"line":63,"column":5}},"63":{"start":{"line":64,"column":0},"end":{"line":64,"column":15}},"64":{"start":{"line":65,"column":0},"end":{"line":65,"column":3}},"66":{"start":{"line":67,"column":0},"end":{"line":67,"column":56}},"67":{"start":{"line":68,"column":0},"end":{"line":68,"column":21}},"68":{"start":{"line":69,"column":0},"end":{"line":69,"column":86}},"69":{"start":{"line":70,"column":0},"end":{"line":70,"column":5}},"70":{"start":{"line":71,"column":0},"end":{"line":71,"column":35}},"71":{"start":{"line":72,"column":0},"end":{"line":72,"column":3}},"74":{"start":{"line":75,"column":0},"end":{"line":75,"column":51}},"75":{"start":{"line":76,"column":0},"end":{"line":76,"column":36}},"76":{"start":{"line":77,"column":0},"end":{"line":77,"column":42}},"78":{"start":{"line":79,"column":0},"end":{"line":79,"column":46}},"79":{"start":{"line":80,"column":0},"end":{"line":80,"column":68}},"80":{"start":{"line":81,"column":0},"end":{"line":81,"column":12}},"81":{"start":{"line":82,"column":0},"end":{"line":82,"column":27}},"82":{"start":{"line":83,"column":0},"end":{"line":83,"column":50}},"83":{"start":{"line":84,"column":0},"end":{"line":84,"column":5}},"84":{"start":{"line":85,"column":0},"end":{"line":85,"column":3}},"86":{"start":{"line":87,"column":0},"end":{"line":87,"column":55}},"87":{"start":{"line":88,"column":0},"end":{"line":88,"column":36}},"88":{"start":{"line":89,"column":0},"end":{"line":89,"column":42}},"90":{"start":{"line":91,"column":0},"end":{"line":91,"column":50}},"91":{"start":{"line":92,"column":0},"end":{"line":92,"column":72}},"92":{"start":{"line":93,"column":0},"end":{"line":93,"column":12}},"93":{"start":{"line":94,"column":0},"end":{"line":94,"column":31}},"94":{"start":{"line":95,"column":0},"end":{"line":95,"column":58}},"95":{"start":{"line":96,"column":0},"end":{"line":96,"column":5}},"96":{"start":{"line":97,"column":0},"end":{"line":97,"column":3}},"98":{"start":{"line":99,"column":0},"end":{"line":99,"column":51}},"99":{"start":{"line":100,"column":0},"end":{"line":100,"column":36}},"100":{"start":{"line":101,"column":0},"end":{"line":101,"column":42}},"101":{"start":{"line":102,"column":0},"end":{"line":102,"column":46}},"102":{"start":{"line":103,"column":0},"end":{"line":103,"column":68}},"103":{"start":{"line":104,"column":0},"end":{"line":104,"column":28}},"104":{"start":{"line":105,"column":0},"end":{"line":105,"column":12}},"105":{"start":{"line":106,"column":0},"end":{"line":106,"column":27}},"106":{"start":{"line":107,"column":0},"end":{"line":107,"column":55}},"107":{"start":{"line":108,"column":0},"end":{"line":108,"column":34}},"108":{"start":{"line":109,"column":0},"end":{"line":109,"column":34}},"109":{"start":{"line":110,"column":0},"end":{"line":110,"column":5}},"110":{"start":{"line":111,"column":0},"end":{"line":111,"column":3}},"112":{"start":{"line":113,"column":0},"end":{"line":113,"column":51}},"113":{"start":{"line":114,"column":0},"end":{"line":114,"column":36}},"114":{"start":{"line":115,"column":0},"end":{"line":115,"column":42}},"115":{"start":{"line":116,"column":0},"end":{"line":116,"column":46}},"116":{"start":{"line":117,"column":0},"end":{"line":117,"column":68}},"117":{"start":{"line":118,"column":0},"end":{"line":118,"column":28}},"118":{"start":{"line":119,"column":0},"end":{"line":119,"column":12}},"119":{"start":{"line":120,"column":0},"end":{"line":120,"column":27}},"120":{"start":{"line":121,"column":0},"end":{"line":121,"column":55}},"121":{"start":{"line":122,"column":0},"end":{"line":122,"column":34}},"122":{"start":{"line":123,"column":0},"end":{"line":123,"column":34}},"123":{"start":{"line":124,"column":0},"end":{"line":124,"column":5}},"124":{"start":{"line":125,"column":0},"end":{"line":125,"column":3}},"127":{"start":{"line":128,"column":0},"end":{"line":128,"column":130}},"130":{"start":{"line":131,"column":0},"end":{"line":131,"column":20}},"131":{"start":{"line":132,"column":0},"end":{"line":132,"column":42}},"132":{"start":{"line":133,"column":0},"end":{"line":133,"column":50}},"133":{"start":{"line":134,"column":0},"end":{"line":134,"column":54}},"134":{"start":{"line":135,"column":0},"end":{"line":135,"column":42}},"135":{"start":{"line":136,"column":0},"end":{"line":136,"column":39}},"138":{"start":{"line":139,"column":0},"end":{"line":139,"column":30}},"139":{"start":{"line":140,"column":0},"end":{"line":140,"column":39}},"140":{"start":{"line":141,"column":0},"end":{"line":141,"column":47}},"141":{"start":{"line":142,"column":0},"end":{"line":142,"column":51}},"142":{"start":{"line":143,"column":0},"end":{"line":143,"column":39}},"143":{"start":{"line":144,"column":0},"end":{"line":144,"column":39}},"144":{"start":{"line":145,"column":0},"end":{"line":145,"column":26}},"145":{"start":{"line":146,"column":0},"end":{"line":146,"column":30}},"146":{"start":{"line":147,"column":0},"end":{"line":147,"column":26}},"147":{"start":{"line":148,"column":0},"end":{"line":148,"column":26}},"148":{"start":{"line":149,"column":0},"end":{"line":149,"column":3}},"151":{"start":{"line":152,"column":0},"end":{"line":152,"column":29}},"152":{"start":{"line":153,"column":0},"end":{"line":153,"column":28}},"154":{"start":{"line":155,"column":0},"end":{"line":155,"column":58}},"155":{"start":{"line":156,"column":0},"end":{"line":156,"column":72}},"156":{"start":{"line":157,"column":0},"end":{"line":157,"column":88}},"157":{"start":{"line":158,"column":0},"end":{"line":158,"column":96}},"158":{"start":{"line":159,"column":0},"end":{"line":159,"column":72}},"159":{"start":{"line":160,"column":0},"end":{"line":160,"column":72}},"161":{"start":{"line":162,"column":0},"end":{"line":162,"column":20}},"162":{"start":{"line":163,"column":0},"end":{"line":163,"column":23}},"163":{"start":{"line":164,"column":0},"end":{"line":164,"column":3}},"165":{"start":{"line":166,"column":0},"end":{"line":166,"column":10}},"166":{"start":{"line":167,"column":0},"end":{"line":167,"column":52}},"167":{"start":{"line":168,"column":0},"end":{"line":168,"column":50}},"168":{"start":{"line":169,"column":0},"end":{"line":169,"column":22}},"169":{"start":{"line":170,"column":0},"end":{"line":170,"column":56}},"170":{"start":{"line":171,"column":0},"end":{"line":171,"column":23}},"172":{"start":{"line":173,"column":0},"end":{"line":173,"column":41}},"174":{"start":{"line":175,"column":0},"end":{"line":175,"column":38}},"175":{"start":{"line":176,"column":0},"end":{"line":176,"column":55}},"176":{"start":{"line":177,"column":0},"end":{"line":177,"column":53}},"177":{"start":{"line":178,"column":0},"end":{"line":178,"column":20}},"178":{"start":{"line":179,"column":0},"end":{"line":179,"column":29}},"179":{"start":{"line":180,"column":0},"end":{"line":180,"column":29}},"180":{"start":{"line":181,"column":0},"end":{"line":181,"column":32}},"181":{"start":{"line":182,"column":0},"end":{"line":182,"column":70}},"182":{"start":{"line":183,"column":0},"end":{"line":183,"column":65}},"183":{"start":{"line":184,"column":0},"end":{"line":184,"column":16}},"184":{"start":{"line":185,"column":0},"end":{"line":185,"column":78}},"185":{"start":{"line":186,"column":0},"end":{"line":186,"column":18}},"186":{"start":{"line":187,"column":0},"end":{"line":187,"column":31}},"187":{"start":{"line":188,"column":0},"end":{"line":188,"column":69}},"189":{"start":{"line":190,"column":0},"end":{"line":190,"column":57}},"191":{"start":{"line":192,"column":0},"end":{"line":192,"column":16}},"192":{"start":{"line":193,"column":0},"end":{"line":193,"column":16}},"195":{"start":{"line":196,"column":0},"end":{"line":196,"column":38}},"196":{"start":{"line":197,"column":0},"end":{"line":197,"column":62}},"197":{"start":{"line":198,"column":0},"end":{"line":198,"column":53}},"198":{"start":{"line":199,"column":0},"end":{"line":199,"column":20}},"199":{"start":{"line":200,"column":0},"end":{"line":200,"column":33}},"200":{"start":{"line":201,"column":0},"end":{"line":201,"column":29}},"201":{"start":{"line":202,"column":0},"end":{"line":202,"column":36}},"202":{"start":{"line":203,"column":0},"end":{"line":203,"column":74}},"203":{"start":{"line":204,"column":0},"end":{"line":204,"column":69}},"204":{"start":{"line":205,"column":0},"end":{"line":205,"column":16}},"205":{"start":{"line":206,"column":0},"end":{"line":206,"column":79}},"206":{"start":{"line":207,"column":0},"end":{"line":207,"column":18}},"207":{"start":{"line":208,"column":0},"end":{"line":208,"column":35}},"208":{"start":{"line":209,"column":0},"end":{"line":209,"column":73}},"210":{"start":{"line":211,"column":0},"end":{"line":211,"column":57}},"212":{"start":{"line":213,"column":0},"end":{"line":213,"column":16}},"213":{"start":{"line":214,"column":0},"end":{"line":214,"column":16}},"216":{"start":{"line":217,"column":0},"end":{"line":217,"column":38}},"217":{"start":{"line":218,"column":0},"end":{"line":218,"column":65}},"218":{"start":{"line":219,"column":0},"end":{"line":219,"column":53}},"219":{"start":{"line":220,"column":0},"end":{"line":220,"column":21}},"220":{"start":{"line":221,"column":0},"end":{"line":221,"column":32}},"221":{"start":{"line":222,"column":0},"end":{"line":222,"column":40}},"222":{"start":{"line":223,"column":0},"end":{"line":223,"column":51}},"223":{"start":{"line":224,"column":0},"end":{"line":224,"column":16}},"224":{"start":{"line":225,"column":0},"end":{"line":225,"column":40}},"225":{"start":{"line":226,"column":0},"end":{"line":226,"column":76}},"226":{"start":{"line":227,"column":0},"end":{"line":227,"column":21}},"227":{"start":{"line":228,"column":0},"end":{"line":228,"column":18}},"228":{"start":{"line":229,"column":0},"end":{"line":229,"column":57}},"230":{"start":{"line":231,"column":0},"end":{"line":231,"column":16}},"231":{"start":{"line":232,"column":0},"end":{"line":232,"column":16}},"234":{"start":{"line":235,"column":0},"end":{"line":235,"column":52}},"235":{"start":{"line":236,"column":0},"end":{"line":236,"column":42}},"236":{"start":{"line":237,"column":0},"end":{"line":237,"column":52}},"237":{"start":{"line":238,"column":0},"end":{"line":238,"column":42}},"238":{"start":{"line":239,"column":0},"end":{"line":239,"column":79}},"239":{"start":{"line":240,"column":0},"end":{"line":240,"column":57}},"240":{"start":{"line":241,"column":0},"end":{"line":241,"column":24}},"241":{"start":{"line":242,"column":0},"end":{"line":242,"column":33}},"242":{"start":{"line":243,"column":0},"end":{"line":243,"column":33}},"243":{"start":{"line":244,"column":0},"end":{"line":244,"column":36}},"244":{"start":{"line":245,"column":0},"end":{"line":245,"column":74}},"245":{"start":{"line":246,"column":0},"end":{"line":246,"column":69}},"246":{"start":{"line":247,"column":0},"end":{"line":247,"column":20}},"247":{"start":{"line":248,"column":0},"end":{"line":248,"column":78}},"248":{"start":{"line":249,"column":0},"end":{"line":249,"column":22}},"249":{"start":{"line":250,"column":0},"end":{"line":250,"column":35}},"250":{"start":{"line":251,"column":0},"end":{"line":251,"column":73}},"252":{"start":{"line":253,"column":0},"end":{"line":253,"column":20}},"253":{"start":{"line":254,"column":0},"end":{"line":254,"column":42}},"254":{"start":{"line":255,"column":0},"end":{"line":255,"column":79}},"255":{"start":{"line":256,"column":0},"end":{"line":256,"column":57}},"256":{"start":{"line":257,"column":0},"end":{"line":257,"column":24}},"257":{"start":{"line":258,"column":0},"end":{"line":258,"column":33}},"258":{"start":{"line":259,"column":0},"end":{"line":259,"column":33}},"259":{"start":{"line":260,"column":0},"end":{"line":260,"column":36}},"260":{"start":{"line":261,"column":0},"end":{"line":261,"column":74}},"261":{"start":{"line":262,"column":0},"end":{"line":262,"column":69}},"262":{"start":{"line":263,"column":0},"end":{"line":263,"column":20}},"263":{"start":{"line":264,"column":0},"end":{"line":264,"column":78}},"264":{"start":{"line":265,"column":0},"end":{"line":265,"column":22}},"265":{"start":{"line":266,"column":0},"end":{"line":266,"column":35}},"266":{"start":{"line":267,"column":0},"end":{"line":267,"column":73}},"268":{"start":{"line":269,"column":0},"end":{"line":269,"column":20}},"269":{"start":{"line":270,"column":0},"end":{"line":270,"column":18}},"270":{"start":{"line":271,"column":0},"end":{"line":271,"column":57}},"272":{"start":{"line":273,"column":0},"end":{"line":273,"column":16}},"273":{"start":{"line":274,"column":0},"end":{"line":274,"column":16}},"274":{"start":{"line":275,"column":0},"end":{"line":275,"column":14}},"276":{"start":{"line":277,"column":0},"end":{"line":277,"column":22}},"277":{"start":{"line":278,"column":0},"end":{"line":278,"column":17}},"278":{"start":{"line":279,"column":0},"end":{"line":279,"column":29}},"279":{"start":{"line":280,"column":0},"end":{"line":280,"column":34}},"280":{"start":{"line":281,"column":0},"end":{"line":281,"column":34}},"281":{"start":{"line":282,"column":0},"end":{"line":282,"column":11}},"283":{"start":{"line":284,"column":0},"end":{"line":284,"column":19}},"284":{"start":{"line":285,"column":0},"end":{"line":285,"column":17}},"285":{"start":{"line":286,"column":0},"end":{"line":286,"column":33}},"286":{"start":{"line":287,"column":0},"end":{"line":287,"column":66}},"287":{"start":{"line":288,"column":0},"end":{"line":288,"column":11}},"289":{"start":{"line":290,"column":0},"end":{"line":290,"column":19}},"290":{"start":{"line":291,"column":0},"end":{"line":291,"column":23}},"291":{"start":{"line":292,"column":0},"end":{"line":292,"column":22}},"292":{"start":{"line":293,"column":0},"end":{"line":293,"column":13}},"294":{"start":{"line":295,"column":0},"end":{"line":295,"column":1}}},"s":{"0":1,"1":1,"2":1,"3":1,"4":1,"5":1,"16":1,"17":41,"18":41,"19":41,"20":41,"21":41,"22":41,"24":41,"25":41,"26":41,"27":41,"28":41,"31":41,"32":41,"33":41,"34":41,"37":41,"38":17,"39":16,"40":16,"41":16,"42":16,"43":16,"44":16,"45":16,"46":16,"47":16,"48":16,"49":41,"52":41,"53":7,"54":3,"55":3,"56":4,"57":7,"59":41,"60":3,"61":2,"62":2,"63":1,"64":3,"66":41,"67":1,"68":1,"69":1,"70":0,"71":1,"74":41,"75":7,"76":7,"78":0,"79":0,"80":7,"81":7,"82":7,"83":7,"84":7,"86":41,"87":3,"88":3,"90":0,"91":0,"92":3,"93":3,"94":3,"95":3,"96":3,"98":41,"99":1,"100":1,"101":0,"102":0,"103":0,"104":1,"105":1,"106":1,"107":1,"108":1,"109":1,"110":1,"112":41,"113":0,"114":0,"115":0,"116":0,"117":0,"118":0,"119":0,"120":0,"121":0,"122":0,"123":0,"124":0,"127":41,"130":41,"131":41,"132":26,"133":22,"134":20,"135":18,"138":41,"139":1,"140":1,"141":1,"142":1,"143":1,"144":1,"145":1,"146":1,"147":1,"148":1,"151":41,"152":2,"154":2,"155":2,"156":2,"157":2,"158":2,"159":2,"161":2,"162":2,"163":2,"165":41,"166":41,"167":41,"168":41,"169":41,"170":41,"172":41,"174":41,"175":41,"176":41,"177":41,"178":41,"179":41,"180":41,"181":41,"182":41,"183":41,"184":41,"185":41,"186":41,"187":6,"189":41,"191":41,"192":41,"195":41,"196":41,"197":41,"198":41,"199":41,"200":41,"201":41,"202":41,"203":41,"204":41,"205":41,"206":41,"207":41,"208":4,"210":41,"212":41,"213":41,"216":41,"217":41,"218":41,"219":41,"220":41,"221":41,"222":41,"223":41,"224":41,"225":41,"226":41,"227":41,"228":41,"230":41,"231":41,"234":41,"235":41,"236":41,"237":41,"238":41,"239":41,"240":41,"241":41,"242":41,"243":41,"244":41,"245":41,"246":41,"247":41,"248":41,"249":41,"250":2,"252":41,"253":41,"254":41,"255":41,"256":41,"257":41,"258":41,"259":41,"260":41,"261":41,"262":41,"263":41,"264":41,"265":41,"266":2,"268":41,"269":41,"270":41,"272":41,"273":41,"274":41,"276":41,"277":41,"278":41,"279":41,"280":41,"281":41,"283":41,"284":41,"285":41,"286":41,"287":41,"289":41,"290":41,"291":41,"292":41,"294":41},"branchMap":{"0":{"type":"branch","line":17,"loc":{"start":{"line":17,"column":7},"end":{"line":295,"column":1}},"locations":[{"start":{"line":17,"column":7},"end":{"line":295,"column":1}}]},"1":{"type":"branch","line":128,"loc":{"start":{"line":128,"column":59},"end":{"line":128,"column":98}},"locations":[{"start":{"line":128,"column":59},"end":{"line":128,"column":98}}]},"2":{"type":"branch","line":128,"loc":{"start":{"line":128,"column":77},"end":{"line":128,"column":116}},"locations":[{"start":{"line":128,"column":77},"end":{"line":128,"column":116}}]},"3":{"type":"branch","line":128,"loc":{"start":{"line":128,"column":99},"end":{"line":128,"column":130}},"locations":[{"start":{"line":128,"column":99},"end":{"line":128,"column":130}}]},"4":{"type":"branch","line":132,"loc":{"start":{"line":132,"column":31},"end":{"line":133,"column":50}},"locations":[{"start":{"line":132,"column":31},"end":{"line":133,"column":50}}]},"5":{"type":"branch","line":133,"loc":{"start":{"line":133,"column":35},"end":{"line":134,"column":54}},"locations":[{"start":{"line":133,"column":35},"end":{"line":134,"column":54}}]},"6":{"type":"branch","line":134,"loc":{"start":{"line":134,"column":37},"end":{"line":135,"column":42}},"locations":[{"start":{"line":134,"column":37},"end":{"line":135,"column":42}}]},"7":{"type":"branch","line":135,"loc":{"start":{"line":135,"column":31},"end":{"line":136,"column":39}},"locations":[{"start":{"line":135,"column":31},"end":{"line":136,"column":39}}]},"8":{"type":"branch","line":183,"loc":{"start":{"line":183,"column":27},"end":{"line":183,"column":62}},"locations":[{"start":{"line":183,"column":27},"end":{"line":183,"column":62}}]},"9":{"type":"branch","line":183,"loc":{"start":{"line":183,"column":43},"end":{"line":183,"column":65}},"locations":[{"start":{"line":183,"column":43},"end":{"line":183,"column":65}}]},"10":{"type":"branch","line":187,"loc":{"start":{"line":187,"column":13},"end":{"line":188,"column":69}},"locations":[{"start":{"line":187,"column":13},"end":{"line":188,"column":69}}]},"11":{"type":"branch","line":204,"loc":{"start":{"line":204,"column":27},"end":{"line":204,"column":66}},"locations":[{"start":{"line":204,"column":27},"end":{"line":204,"column":66}}]},"12":{"type":"branch","line":204,"loc":{"start":{"line":204,"column":47},"end":{"line":204,"column":69}},"locations":[{"start":{"line":204,"column":47},"end":{"line":204,"column":69}}]},"13":{"type":"branch","line":208,"loc":{"start":{"line":208,"column":13},"end":{"line":209,"column":73}},"locations":[{"start":{"line":208,"column":13},"end":{"line":209,"column":73}}]},"14":{"type":"branch","line":226,"loc":{"start":{"line":226,"column":17},"end":{"line":226,"column":54}},"locations":[{"start":{"line":226,"column":17},"end":{"line":226,"column":54}}]},"15":{"type":"branch","line":226,"loc":{"start":{"line":226,"column":34},"end":{"line":226,"column":76}},"locations":[{"start":{"line":226,"column":34},"end":{"line":226,"column":76}}]},"16":{"type":"branch","line":246,"loc":{"start":{"line":246,"column":31},"end":{"line":246,"column":66}},"locations":[{"start":{"line":246,"column":31},"end":{"line":246,"column":66}}]},"17":{"type":"branch","line":246,"loc":{"start":{"line":246,"column":47},"end":{"line":246,"column":69}},"locations":[{"start":{"line":246,"column":47},"end":{"line":246,"column":69}}]},"18":{"type":"branch","line":250,"loc":{"start":{"line":250,"column":17},"end":{"line":251,"column":73}},"locations":[{"start":{"line":250,"column":17},"end":{"line":251,"column":73}}]},"19":{"type":"branch","line":262,"loc":{"start":{"line":262,"column":31},"end":{"line":262,"column":66}},"locations":[{"start":{"line":262,"column":31},"end":{"line":262,"column":66}}]},"20":{"type":"branch","line":262,"loc":{"start":{"line":262,"column":47},"end":{"line":262,"column":69}},"locations":[{"start":{"line":262,"column":47},"end":{"line":262,"column":69}}]},"21":{"type":"branch","line":266,"loc":{"start":{"line":266,"column":17},"end":{"line":267,"column":73}},"locations":[{"start":{"line":266,"column":17},"end":{"line":267,"column":73}}]},"22":{"type":"branch","line":287,"loc":{"start":{"line":287,"column":23},"end":{"line":287,"column":53}},"locations":[{"start":{"line":287,"column":23},"end":{"line":287,"column":53}}]},"23":{"type":"branch","line":287,"loc":{"start":{"line":287,"column":39},"end":{"line":287,"column":66}},"locations":[{"start":{"line":287,"column":39},"end":{"line":287,"column":66}}]},"24":{"type":"branch","line":38,"loc":{"start":{"line":38,"column":12},"end":{"line":50,"column":5}},"locations":[{"start":{"line":38,"column":12},"end":{"line":50,"column":5}}]},"25":{"type":"branch","line":39,"loc":{"start":{"line":39,"column":14},"end":{"line":49,"column":5}},"locations":[{"start":{"line":39,"column":14},"end":{"line":49,"column":5}}]},"26":{"type":"branch","line":53,"loc":{"start":{"line":53,"column":27},"end":{"line":58,"column":3}},"locations":[{"start":{"line":53,"column":27},"end":{"line":58,"column":3}}]},"27":{"type":"branch","line":54,"loc":{"start":{"line":54,"column":16},"end":{"line":54,"column":39}},"locations":[{"start":{"line":54,"column":16},"end":{"line":54,"column":39}}]},"28":{"type":"branch","line":54,"loc":{"start":{"line":54,"column":39},"end":{"line":56,"column":5}},"locations":[{"start":{"line":54,"column":39},"end":{"line":56,"column":5}}]},"29":{"type":"branch","line":56,"loc":{"start":{"line":56,"column":4},"end":{"line":57,"column":15}},"locations":[{"start":{"line":56,"column":4},"end":{"line":57,"column":15}}]},"30":{"type":"branch","line":60,"loc":{"start":{"line":60,"column":31},"end":{"line":65,"column":3}},"locations":[{"start":{"line":60,"column":31},"end":{"line":65,"column":3}}]},"31":{"type":"branch","line":61,"loc":{"start":{"line":61,"column":16},"end":{"line":61,"column":39}},"locations":[{"start":{"line":61,"column":16},"end":{"line":61,"column":39}}]},"32":{"type":"branch","line":61,"loc":{"start":{"line":61,"column":39},"end":{"line":63,"column":5}},"locations":[{"start":{"line":61,"column":39},"end":{"line":63,"column":5}}]},"33":{"type":"branch","line":63,"loc":{"start":{"line":63,"column":4},"end":{"line":64,"column":15}},"locations":[{"start":{"line":63,"column":4},"end":{"line":64,"column":15}}]},"34":{"type":"branch","line":67,"loc":{"start":{"line":67,"column":25},"end":{"line":72,"column":3}},"locations":[{"start":{"line":67,"column":25},"end":{"line":72,"column":3}}]},"35":{"type":"branch","line":70,"loc":{"start":{"line":70,"column":4},"end":{"line":71,"column":35}},"locations":[{"start":{"line":70,"column":4},"end":{"line":71,"column":35}}]},"36":{"type":"branch","line":75,"loc":{"start":{"line":75,"column":31},"end":{"line":85,"column":3}},"locations":[{"start":{"line":75,"column":31},"end":{"line":85,"column":3}}]},"37":{"type":"branch","line":77,"loc":{"start":{"line":77,"column":41},"end":{"line":81,"column":11}},"locations":[{"start":{"line":77,"column":41},"end":{"line":81,"column":11}}]},"38":{"type":"branch","line":87,"loc":{"start":{"line":87,"column":35},"end":{"line":97,"column":3}},"locations":[{"start":{"line":87,"column":35},"end":{"line":97,"column":3}}]},"39":{"type":"branch","line":89,"loc":{"start":{"line":89,"column":41},"end":{"line":93,"column":11}},"locations":[{"start":{"line":89,"column":41},"end":{"line":93,"column":11}}]},"40":{"type":"branch","line":99,"loc":{"start":{"line":99,"column":31},"end":{"line":111,"column":3}},"locations":[{"start":{"line":99,"column":31},"end":{"line":111,"column":3}}]},"41":{"type":"branch","line":101,"loc":{"start":{"line":101,"column":41},"end":{"line":105,"column":11}},"locations":[{"start":{"line":101,"column":41},"end":{"line":105,"column":11}}]},"42":{"type":"branch","line":139,"loc":{"start":{"line":139,"column":23},"end":{"line":149,"column":3}},"locations":[{"start":{"line":139,"column":23},"end":{"line":149,"column":3}}]},"43":{"type":"branch","line":152,"loc":{"start":{"line":152,"column":22},"end":{"line":164,"column":3}},"locations":[{"start":{"line":152,"column":22},"end":{"line":164,"column":3}}]},"44":{"type":"branch","line":153,"loc":{"start":{"line":153,"column":22},"end":{"line":153,"column":28}},"locations":[{"start":{"line":153,"column":22},"end":{"line":153,"column":28}}]},"45":{"type":"branch","line":156,"loc":{"start":{"line":156,"column":45},"end":{"line":156,"column":72}},"locations":[{"start":{"line":156,"column":45},"end":{"line":156,"column":72}}]},"46":{"type":"branch","line":157,"loc":{"start":{"line":157,"column":53},"end":{"line":157,"column":88}},"locations":[{"start":{"line":157,"column":53},"end":{"line":157,"column":88}}]},"47":{"type":"branch","line":158,"loc":{"start":{"line":158,"column":57},"end":{"line":158,"column":96}},"locations":[{"start":{"line":158,"column":57},"end":{"line":158,"column":96}}]},"48":{"type":"branch","line":159,"loc":{"start":{"line":159,"column":45},"end":{"line":159,"column":72}},"locations":[{"start":{"line":159,"column":45},"end":{"line":159,"column":72}}]},"49":{"type":"branch","line":160,"loc":{"start":{"line":160,"column":45},"end":{"line":160,"column":72}},"locations":[{"start":{"line":160,"column":45},"end":{"line":160,"column":72}}]},"50":{"type":"branch","line":182,"loc":{"start":{"line":182,"column":26},"end":{"line":182,"column":70}},"locations":[{"start":{"line":182,"column":26},"end":{"line":182,"column":70}}]},"51":{"type":"branch","line":203,"loc":{"start":{"line":203,"column":26},"end":{"line":203,"column":74}},"locations":[{"start":{"line":203,"column":26},"end":{"line":203,"column":74}}]},"52":{"type":"branch","line":245,"loc":{"start":{"line":245,"column":30},"end":{"line":245,"column":74}},"locations":[{"start":{"line":245,"column":30},"end":{"line":245,"column":74}}]}},"b":{"0":[41],"1":[35],"2":[31],"3":[29],"4":[26],"5":[22],"6":[20],"7":[18],"8":[6],"9":[35],"10":[6],"11":[4],"12":[37],"13":[4],"14":[39],"15":[2],"16":[2],"17":[39],"18":[2],"19":[2],"20":[39],"21":[2],"22":[29],"23":[11],"24":[17],"25":[16],"26":[7],"27":[5],"28":[3],"29":[4],"30":[3],"31":[2],"32":[2],"33":[1],"34":[1],"35":[0],"36":[7],"37":[0],"38":[3],"39":[0],"40":[1],"41":[0],"42":[1],"43":[2],"44":[0],"45":[1],"46":[1],"47":[1],"48":[0],"49":[0],"50":[7],"51":[3],"52":[1]},"fnMap":{"0":{"name":"MotorConfigDialog","decl":{"start":{"line":17,"column":7},"end":{"line":295,"column":1}},"loc":{"start":{"line":17,"column":7},"end":{"line":295,"column":1}},"line":17},"1":{"name":"validateMaxSpeed","decl":{"start":{"line":53,"column":27},"end":{"line":58,"column":3}},"loc":{"start":{"line":53,"column":27},"end":{"line":58,"column":3}},"line":53},"2":{"name":"validateAcceleration","decl":{"start":{"line":60,"column":31},"end":{"line":65,"column":3}},"loc":{"start":{"line":60,"column":31},"end":{"line":65,"column":3}},"line":60},"3":{"name":"validateLimits","decl":{"start":{"line":67,"column":25},"end":{"line":72,"column":3}},"loc":{"start":{"line":67,"column":25},"end":{"line":72,"column":3}},"line":67},"4":{"name":"handleMaxSpeedChange","decl":{"start":{"line":75,"column":31},"end":{"line":85,"column":3}},"loc":{"start":{"line":75,"column":31},"end":{"line":85,"column":3}},"line":75},"5":{"name":"handleAccelerationChange","decl":{"start":{"line":87,"column":35},"end":{"line":97,"column":3}},"loc":{"start":{"line":87,"column":35},"end":{"line":97,"column":3}},"line":87},"6":{"name":"handleMinLimitChange","decl":{"start":{"line":99,"column":31},"end":{"line":111,"column":3}},"loc":{"start":{"line":99,"column":31},"end":{"line":111,"column":3}},"line":99},"7":{"name":"handleMaxLimitChange","decl":{"start":{"line":113,"column":31},"end":{"line":125,"column":3}},"loc":{"start":{"line":113,"column":31},"end":{"line":125,"column":3}},"line":113},"8":{"name":"handleRevert","decl":{"start":{"line":139,"column":23},"end":{"line":149,"column":3}},"loc":{"start":{"line":139,"column":23},"end":{"line":149,"column":3}},"line":139},"9":{"name":"handleApply","decl":{"start":{"line":152,"column":22},"end":{"line":164,"column":3}},"loc":{"start":{"line":152,"column":22},"end":{"line":164,"column":3}},"line":152},"10":{"name":"onChange","decl":{"start":{"line":182,"column":26},"end":{"line":182,"column":70}},"loc":{"start":{"line":182,"column":26},"end":{"line":182,"column":70}},"line":182},"11":{"name":"onChange","decl":{"start":{"line":203,"column":26},"end":{"line":203,"column":74}},"loc":{"start":{"line":203,"column":26},"end":{"line":203,"column":74}},"line":203},"12":{"name":"onChange","decl":{"start":{"line":245,"column":30},"end":{"line":245,"column":74}},"loc":{"start":{"line":245,"column":30},"end":{"line":245,"column":74}},"line":245},"13":{"name":"onChange","decl":{"start":{"line":261,"column":30},"end":{"line":261,"column":74}},"loc":{"start":{"line":261,"column":30},"end":{"line":261,"column":74}},"line":261}},"f":{"0":41,"1":7,"2":3,"3":1,"4":7,"5":3,"6":1,"7":0,"8":1,"9":2,"10":7,"11":3,"12":1,"13":0}}
,"/Users/costyn/Developer/platformio/lilygo-motion-controller/webapp/src/components/MotorControl/JogControls.tsx": {"path":"/Users/costyn/Developer/platformio/lilygo-motion-controller/webapp/src/components/MotorControl/JogControls.tsx","all":false,"statementMap":{"0":{"start":{"line":1,"column":0},"end":{"line":1,"column":30}},"1":{"start":{"line":2,"column":0},"end":{"line":2,"column":47}},"2":{"start":{"line":3,"column":0},"end":{"line":3,"column":79}},"3":{"start":{"line":4,"column":0},"end":{"line":4,"column":71}},"17":{"start":{"line":18,"column":0},"end":{"line":18,"column":29}},"18":{"start":{"line":19,"column":0},"end":{"line":19,"column":14}},"19":{"start":{"line":20,"column":0},"end":{"line":20,"column":11}},"20":{"start":{"line":21,"column":0},"end":{"line":21,"column":16}},"21":{"start":{"line":22,"column":0},"end":{"line":22,"column":11}},"22":{"start":{"line":23,"column":0},"end":{"line":23,"column":13}},"23":{"start":{"line":24,"column":0},"end":{"line":24,"column":12}},"24":{"start":{"line":25,"column":0},"end":{"line":25,"column":18}},"25":{"start":{"line":26,"column":0},"end":{"line":26,"column":23}},"26":{"start":{"line":27,"column":0},"end":{"line":27,"column":15}},"27":{"start":{"line":28,"column":0},"end":{"line":28,"column":22}},"28":{"start":{"line":29,"column":0},"end":{"line":29,"column":36}},"30":{"start":{"line":31,"column":0},"end":{"line":31,"column":66}},"31":{"start":{"line":32,"column":0},"end":{"line":32,"column":45}},"32":{"start":{"line":33,"column":0},"end":{"line":33,"column":31}},"33":{"start":{"line":34,"column":0},"end":{"line":34,"column":35}},"34":{"start":{"line":35,"column":0},"end":{"line":35,"column":3}},"36":{"start":{"line":37,"column":0},"end":{"line":37,"column":31}},"37":{"start":{"line":38,"column":0},"end":{"line":38,"column":53}},"38":{"start":{"line":39,"column":0},"end":{"line":39,"column":32}},"39":{"start":{"line":40,"column":0},"end":{"line":40,"column":15}},"40":{"start":{"line":41,"column":0},"end":{"line":41,"column":3}},"42":{"start":{"line":43,"column":0},"end":{"line":43,"column":34}},"44":{"start":{"line":45,"column":0},"end":{"line":45,"column":53}},"45":{"start":{"line":46,"column":0},"end":{"line":46,"column":32}},"46":{"start":{"line":47,"column":0},"end":{"line":47,"column":15}},"47":{"start":{"line":48,"column":0},"end":{"line":48,"column":3}},"49":{"start":{"line":50,"column":0},"end":{"line":50,"column":67}},"50":{"start":{"line":51,"column":0},"end":{"line":51,"column":45}},"51":{"start":{"line":52,"column":0},"end":{"line":52,"column":31}},"52":{"start":{"line":53,"column":0},"end":{"line":53,"column":35}},"53":{"start":{"line":54,"column":0},"end":{"line":54,"column":3}},"55":{"start":{"line":56,"column":0},"end":{"line":56,"column":32}},"56":{"start":{"line":57,"column":0},"end":{"line":57,"column":53}},"57":{"start":{"line":58,"column":0},"end":{"line":58,"column":32}},"58":{"start":{"line":59,"column":0},"end":{"line":59,"column":15}},"59":{"start":{"line":60,"column":0},"end":{"line":60,"column":3}},"61":{"start":{"line":62,"column":0},"end":{"line":62,"column":56}},"63":{"start":{"line":64,"column":0},"end":{"line":64,"column":10}},"64":{"start":{"line":65,"column":0},"end":{"line":65,"column":10}},"65":{"start":{"line":66,"column":0},"end":{"line":66,"column":35}},"66":{"start":{"line":67,"column":0},"end":{"line":67,"column":66}},"67":{"start":{"line":68,"column":0},"end":{"line":68,"column":19}},"68":{"start":{"line":69,"column":0},"end":{"line":69,"column":41}},"70":{"start":{"line":71,"column":0},"end":{"line":71,"column":36}},"71":{"start":{"line":72,"column":0},"end":{"line":72,"column":28}},"72":{"start":{"line":73,"column":0},"end":{"line":73,"column":19}},"73":{"start":{"line":74,"column":0},"end":{"line":74,"column":31}},"74":{"start":{"line":75,"column":0},"end":{"line":75,"column":44}},"75":{"start":{"line":76,"column":0},"end":{"line":76,"column":37}},"76":{"start":{"line":77,"column":0},"end":{"line":77,"column":32}},"78":{"start":{"line":79,"column":0},"end":{"line":79,"column":52}},"80":{"start":{"line":81,"column":0},"end":{"line":81,"column":21}},"82":{"start":{"line":83,"column":0},"end":{"line":83,"column":19}},"83":{"start":{"line":84,"column":0},"end":{"line":84,"column":35}},"84":{"start":{"line":85,"column":0},"end":{"line":85,"column":39}},"85":{"start":{"line":86,"column":0},"end":{"line":86,"column":37}},"86":{"start":{"line":87,"column":0},"end":{"line":87,"column":32}},"88":{"start":{"line":89,"column":0},"end":{"line":89,"column":49}},"90":{"start":{"line":91,"column":0},"end":{"line":91,"column":21}},"92":{"start":{"line":93,"column":0},"end":{"line":93,"column":14}},"95":{"start":{"line":96,"column":0},"end":{"line":96,"column":48}},"96":{"start":{"line":97,"column":0},"end":{"line":97,"column":17}},"97":{"start":{"line":98,"column":0},"end":{"line":98,"column":29}},"98":{"start":{"line":99,"column":0},"end":{"line":99,"column":39}},"99":{"start":{"line":100,"column":0},"end":{"line":100,"column":59}},"100":{"start":{"line":101,"column":0},"end":{"line":101,"column":37}},"101":{"start":{"line":102,"column":0},"end":{"line":102,"column":43}},"102":{"start":{"line":103,"column":0},"end":{"line":103,"column":61}},"103":{"start":{"line":104,"column":0},"end":{"line":104,"column":39}},"104":{"start":{"line":105,"column":0},"end":{"line":105,"column":53}},"106":{"start":{"line":107,"column":0},"end":{"line":107,"column":50}},"107":{"start":{"line":108,"column":0},"end":{"line":108,"column":33}},"108":{"start":{"line":109,"column":0},"end":{"line":109,"column":19}},"110":{"start":{"line":111,"column":0},"end":{"line":111,"column":17}},"111":{"start":{"line":112,"column":0},"end":{"line":112,"column":29}},"112":{"start":{"line":113,"column":0},"end":{"line":113,"column":39}},"113":{"start":{"line":114,"column":0},"end":{"line":114,"column":58}},"114":{"start":{"line":115,"column":0},"end":{"line":115,"column":37}},"115":{"start":{"line":116,"column":0},"end":{"line":116,"column":43}},"116":{"start":{"line":117,"column":0},"end":{"line":117,"column":60}},"117":{"start":{"line":118,"column":0},"end":{"line":118,"column":39}},"118":{"start":{"line":119,"column":0},"end":{"line":119,"column":53}},"120":{"start":{"line":121,"column":0},"end":{"line":121,"column":36}},"121":{"start":{"line":122,"column":0},"end":{"line":122,"column":51}},"122":{"start":{"line":123,"column":0},"end":{"line":123,"column":19}},"123":{"start":{"line":124,"column":0},"end":{"line":124,"column":14}},"126":{"start":{"line":127,"column":0},"end":{"line":127,"column":39}},"127":{"start":{"line":128,"column":0},"end":{"line":128,"column":73}},"128":{"start":{"line":129,"column":0},"end":{"line":129,"column":50}},"129":{"start":{"line":130,"column":0},"end":{"line":130,"column":19}},"130":{"start":{"line":131,"column":0},"end":{"line":131,"column":33}},"131":{"start":{"line":132,"column":0},"end":{"line":132,"column":53}},"132":{"start":{"line":133,"column":0},"end":{"line":133,"column":50}},"133":{"start":{"line":134,"column":0},"end":{"line":134,"column":13}},"135":{"start":{"line":136,"column":0},"end":{"line":136,"column":21}},"136":{"start":{"line":137,"column":0},"end":{"line":137,"column":19}},"137":{"start":{"line":138,"column":0},"end":{"line":138,"column":33}},"138":{"start":{"line":139,"column":0},"end":{"line":139,"column":53}},"139":{"start":{"line":140,"column":0},"end":{"line":140,"column":50}},"140":{"start":{"line":141,"column":0},"end":{"line":141,"column":13}},"142":{"start":{"line":143,"column":0},"end":{"line":143,"column":21}},"143":{"start":{"line":144,"column":0},"end":{"line":144,"column":16}},"144":{"start":{"line":145,"column":0},"end":{"line":145,"column":14}},"145":{"start":{"line":146,"column":0},"end":{"line":146,"column":20}},"146":{"start":{"line":147,"column":0},"end":{"line":147,"column":11}},"148":{"start":{"line":149,"column":0},"end":{"line":149,"column":1}}},"s":{"0":1,"1":1,"2":1,"3":1,"17":1,"18":19,"19":19,"20":19,"21":19,"22":19,"23":19,"24":19,"25":19,"26":19,"27":19,"28":19,"30":19,"31":4,"32":4,"33":4,"34":4,"36":19,"37":1,"38":1,"39":1,"40":1,"42":19,"44":2,"45":1,"46":1,"47":2,"49":19,"50":2,"51":2,"52":2,"53":2,"55":19,"56":1,"57":1,"58":1,"59":1,"61":19,"63":19,"64":19,"65":19,"66":19,"67":19,"68":19,"70":19,"71":19,"72":4,"73":4,"74":4,"75":4,"76":4,"78":4,"80":4,"82":15,"83":15,"84":15,"85":15,"86":15,"88":15,"90":15,"92":19,"95":19,"96":19,"97":19,"98":19,"99":19,"100":19,"101":19,"102":19,"103":19,"104":19,"106":19,"107":19,"108":19,"110":19,"111":19,"112":19,"113":19,"114":19,"115":19,"116":19,"117":19,"118":19,"120":19,"121":19,"122":19,"123":19,"126":19,"127":19,"128":19,"129":19,"130":19,"131":19,"132":19,"133":19,"135":19,"136":19,"137":19,"138":19,"139":19,"140":19,"142":19,"143":19,"144":19,"145":19,"146":19,"148":19},"branchMap":{"0":{"type":"branch","line":18,"loc":{"start":{"line":18,"column":7},"end":{"line":149,"column":1}},"locations":[{"start":{"line":18,"column":7},"end":{"line":149,"column":1}}]},"1":{"type":"branch","line":62,"loc":{"start":{"line":62,"column":28},"end":{"line":62,"column":56}},"locations":[{"start":{"line":62,"column":28},"end":{"line":62,"column":56}}]},"2":{"type":"branch","line":72,"loc":{"start":{"line":72,"column":11},"end":{"line":81,"column":21}},"locations":[{"start":{"line":72,"column":11},"end":{"line":81,"column":21}}]},"3":{"type":"branch","line":81,"loc":{"start":{"line":81,"column":12},"end":{"line":91,"column":21}},"locations":[{"start":{"line":81,"column":12},"end":{"line":91,"column":21}}]},"4":{"type":"branch","line":132,"loc":{"start":{"line":132,"column":24},"end":{"line":132,"column":53}},"locations":[{"start":{"line":132,"column":24},"end":{"line":132,"column":53}}]},"5":{"type":"branch","line":139,"loc":{"start":{"line":139,"column":24},"end":{"line":139,"column":53}},"locations":[{"start":{"line":139,"column":24},"end":{"line":139,"column":53}}]},"6":{"type":"branch","line":31,"loc":{"start":{"line":31,"column":26},"end":{"line":35,"column":3}},"locations":[{"start":{"line":31,"column":26},"end":{"line":35,"column":3}}]},"7":{"type":"branch","line":32,"loc":{"start":{"line":32,"column":39},"end":{"line":32,"column":45}},"locations":[{"start":{"line":32,"column":39},"end":{"line":32,"column":45}}]},"8":{"type":"branch","line":37,"loc":{"start":{"line":37,"column":24},"end":{"line":41,"column":3}},"locations":[{"start":{"line":37,"column":24},"end":{"line":41,"column":3}}]},"9":{"type":"branch","line":38,"loc":{"start":{"line":38,"column":47},"end":{"line":38,"column":53}},"locations":[{"start":{"line":38,"column":47},"end":{"line":38,"column":53}}]},"10":{"type":"branch","line":43,"loc":{"start":{"line":43,"column":27},"end":{"line":48,"column":3}},"locations":[{"start":{"line":43,"column":27},"end":{"line":48,"column":3}}]},"11":{"type":"branch","line":45,"loc":{"start":{"line":45,"column":47},"end":{"line":47,"column":15}},"locations":[{"start":{"line":45,"column":47},"end":{"line":47,"column":15}}]},"12":{"type":"branch","line":50,"loc":{"start":{"line":50,"column":27},"end":{"line":54,"column":3}},"locations":[{"start":{"line":50,"column":27},"end":{"line":54,"column":3}}]},"13":{"type":"branch","line":51,"loc":{"start":{"line":51,"column":39},"end":{"line":51,"column":45}},"locations":[{"start":{"line":51,"column":39},"end":{"line":51,"column":45}}]},"14":{"type":"branch","line":56,"loc":{"start":{"line":56,"column":25},"end":{"line":60,"column":3}},"locations":[{"start":{"line":56,"column":25},"end":{"line":60,"column":3}}]},"15":{"type":"branch","line":57,"loc":{"start":{"line":57,"column":47},"end":{"line":57,"column":53}},"locations":[{"start":{"line":57,"column":47},"end":{"line":57,"column":53}}]},"16":{"type":"branch","line":100,"loc":{"start":{"line":100,"column":25},"end":{"line":100,"column":59}},"locations":[{"start":{"line":100,"column":25},"end":{"line":100,"column":59}}]},"17":{"type":"branch","line":114,"loc":{"start":{"line":114,"column":25},"end":{"line":114,"column":58}},"locations":[{"start":{"line":114,"column":25},"end":{"line":114,"column":58}}]},"18":{"type":"branch","line":117,"loc":{"start":{"line":117,"column":26},"end":{"line":117,"column":60}},"locations":[{"start":{"line":117,"column":26},"end":{"line":117,"column":60}}]},"19":{"type":"branch","line":133,"loc":{"start":{"line":133,"column":23},"end":{"line":133,"column":50}},"locations":[{"start":{"line":133,"column":23},"end":{"line":133,"column":50}}]},"20":{"type":"branch","line":140,"loc":{"start":{"line":140,"column":23},"end":{"line":140,"column":50}},"locations":[{"start":{"line":140,"column":23},"end":{"line":140,"column":50}}]}},"b":{"0":[19],"1":[16],"2":[4],"3":[15],"4":[12],"5":[12],"6":[4],"7":[0],"8":[1],"9":[0],"10":[2],"11":[1],"12":[2],"13":[0],"14":[1],"15":[0],"16":[1],"17":[3],"18":[2],"19":[1],"20":[1]},"fnMap":{"0":{"name":"JogControls","decl":{"start":{"line":18,"column":7},"end":{"line":149,"column":1}},"loc":{"start":{"line":18,"column":7},"end":{"line":149,"column":1}},"line":18},"1":{"name":"handleMouseDown","decl":{"start":{"line":31,"column":26},"end":{"line":35,"column":3}},"loc":{"start":{"line":31,"column":26},"end":{"line":35,"column":3}},"line":31},"2":{"name":"handleMouseUp","decl":{"start":{"line":37,"column":24},"end":{"line":41,"column":3}},"loc":{"start":{"line":37,"column":24},"end":{"line":41,"column":3}},"line":37},"3":{"name":"handleMouseLeave","decl":{"start":{"line":43,"column":27},"end":{"line":48,"column":3}},"loc":{"start":{"line":43,"column":27},"end":{"line":48,"column":3}},"line":43},"4":{"name":"handleTouchStart","decl":{"start":{"line":50,"column":27},"end":{"line":54,"column":3}},"loc":{"start":{"line":50,"column":27},"end":{"line":54,"column":3}},"line":50},"5":{"name":"handleTouchEnd","decl":{"start":{"line":56,"column":25},"end":{"line":60,"column":3}},"loc":{"start":{"line":56,"column":25},"end":{"line":60,"column":3}},"line":56},"6":{"name":"onMouseDown","decl":{"start":{"line":100,"column":25},"end":{"line":100,"column":59}},"loc":{"start":{"line":100,"column":25},"end":{"line":100,"column":59}},"line":100},"7":{"name":"onTouchStart","decl":{"start":{"line":103,"column":26},"end":{"line":103,"column":61}},"loc":{"start":{"line":103,"column":26},"end":{"line":103,"column":61}},"line":103},"8":{"name":"onMouseDown","decl":{"start":{"line":114,"column":25},"end":{"line":114,"column":58}},"loc":{"start":{"line":114,"column":25},"end":{"line":114,"column":58}},"line":114},"9":{"name":"onTouchStart","decl":{"start":{"line":117,"column":26},"end":{"line":117,"column":60}},"loc":{"start":{"line":117,"column":26},"end":{"line":117,"column":60}},"line":117},"10":{"name":"onClick","decl":{"start":{"line":133,"column":23},"end":{"line":133,"column":50}},"loc":{"start":{"line":133,"column":23},"end":{"line":133,"column":50}},"line":133},"11":{"name":"onClick","decl":{"start":{"line":140,"column":23},"end":{"line":140,"column":50}},"loc":{"start":{"line":140,"column":23},"end":{"line":140,"column":50}},"line":140}},"f":{"0":19,"1":4,"2":1,"3":2,"4":2,"5":1,"6":1,"7":0,"8":3,"9":2,"10":1,"11":1}}
,"/Users/costyn/Developer/platformio/lilygo-motion-controller/webapp/src/components/MotorControl/MotorStatus.tsx": {"path":"/Users/costyn/Developer/platformio/lilygo-motion-controller/webapp/src/components/MotorControl/MotorStatus.tsx","all":true,"statementMap":{"1":{"start":{"line":2,"column":0},"end":{"line":2,"column":79}},"2":{"start":{"line":3,"column":0},"end":{"line":3,"column":44}},"4":{"start":{"line":5,"column":0},"end":{"line":5,"column":83}},"11":{"start":{"line":12,"column":0},"end":{"line":12,"column":81}},"12":{"start":{"line":13,"column":0},"end":{"line":13,"column":35}},"13":{"start":{"line":14,"column":0},"end":{"line":14,"column":39}},"14":{"start":{"line":15,"column":0},"end":{"line":15,"column":75}},"15":{"start":{"line":16,"column":0},"end":{"line":16,"column":45}},"16":{"start":{"line":17,"column":0},"end":{"line":17,"column":56}},"17":{"start":{"line":18,"column":0},"end":{"line":18,"column":12}},"18":{"start":{"line":19,"column":0},"end":{"line":19,"column":57}},"19":{"start":{"line":20,"column":0},"end":{"line":20,"column":5}},"20":{"start":{"line":21,"column":0},"end":{"line":21,"column":3}},"22":{"start":{"line":23,"column":0},"end":{"line":23,"column":35}},"23":{"start":{"line":24,"column":0},"end":{"line":24,"column":39}},"24":{"start":{"line":25,"column":0},"end":{"line":25,"column":72}},"25":{"start":{"line":26,"column":0},"end":{"line":26,"column":45}},"26":{"start":{"line":27,"column":0},"end":{"line":27,"column":24}},"27":{"start":{"line":28,"column":0},"end":{"line":28,"column":12}},"28":{"start":{"line":29,"column":0},"end":{"line":29,"column":56}},"29":{"start":{"line":30,"column":0},"end":{"line":30,"column":5}},"30":{"start":{"line":31,"column":0},"end":{"line":31,"column":3}},"32":{"start":{"line":33,"column":0},"end":{"line":33,"column":10}},"33":{"start":{"line":34,"column":0},"end":{"line":34,"column":10}},"34":{"start":{"line":35,"column":0},"end":{"line":35,"column":35}},"35":{"start":{"line":36,"column":0},"end":{"line":36,"column":73}},"37":{"start":{"line":38,"column":0},"end":{"line":38,"column":71}},"38":{"start":{"line":39,"column":0},"end":{"line":39,"column":33}},"39":{"start":{"line":40,"column":0},"end":{"line":40,"column":99}},"40":{"start":{"line":41,"column":0},"end":{"line":41,"column":35}},"41":{"start":{"line":42,"column":0},"end":{"line":42,"column":19}},"42":{"start":{"line":43,"column":0},"end":{"line":43,"column":16}},"43":{"start":{"line":44,"column":0},"end":{"line":44,"column":20}},"44":{"start":{"line":45,"column":0},"end":{"line":45,"column":19}},"45":{"start":{"line":46,"column":0},"end":{"line":46,"column":41}},"47":{"start":{"line":48,"column":0},"end":{"line":48,"column":59}},"48":{"start":{"line":49,"column":0},"end":{"line":49,"column":64}},"49":{"start":{"line":50,"column":0},"end":{"line":50,"column":59}},"50":{"start":{"line":51,"column":0},"end":{"line":51,"column":50}},"51":{"start":{"line":52,"column":0},"end":{"line":52,"column":17}},"52":{"start":{"line":53,"column":0},"end":{"line":53,"column":14}},"55":{"start":{"line":56,"column":0},"end":{"line":56,"column":59}},"56":{"start":{"line":57,"column":0},"end":{"line":57,"column":61}},"57":{"start":{"line":58,"column":0},"end":{"line":58,"column":51}},"58":{"start":{"line":59,"column":0},"end":{"line":59,"column":37}},"59":{"start":{"line":60,"column":0},"end":{"line":60,"column":74}},"61":{"start":{"line":62,"column":0},"end":{"line":62,"column":58}},"63":{"start":{"line":64,"column":0},"end":{"line":64,"column":87}},"64":{"start":{"line":65,"column":0},"end":{"line":65,"column":59}},"65":{"start":{"line":66,"column":0},"end":{"line":66,"column":19}},"66":{"start":{"line":67,"column":0},"end":{"line":67,"column":16}},"67":{"start":{"line":68,"column":0},"end":{"line":68,"column":14}},"70":{"start":{"line":71,"column":0},"end":{"line":71,"column":39}},"71":{"start":{"line":72,"column":0},"end":{"line":72,"column":106}},"72":{"start":{"line":73,"column":0},"end":{"line":73,"column":81}},"74":{"start":{"line":75,"column":0},"end":{"line":75,"column":19}},"75":{"start":{"line":76,"column":0},"end":{"line":76,"column":53}},"76":{"start":{"line":77,"column":0},"end":{"line":77,"column":62}},"77":{"start":{"line":78,"column":0},"end":{"line":78,"column":88}},"78":{"start":{"line":79,"column":0},"end":{"line":79,"column":18}},"79":{"start":{"line":80,"column":0},"end":{"line":80,"column":16}},"83":{"start":{"line":84,"column":0},"end":{"line":84,"column":39}},"84":{"start":{"line":85,"column":0},"end":{"line":85,"column":73}},"85":{"start":{"line":86,"column":0},"end":{"line":86,"column":50}},"86":{"start":{"line":87,"column":0},"end":{"line":87,"column":63}},"87":{"start":{"line":88,"column":0},"end":{"line":88,"column":51}},"88":{"start":{"line":89,"column":0},"end":{"line":89,"column":55}},"89":{"start":{"line":90,"column":0},"end":{"line":90,"column":46}},"90":{"start":{"line":91,"column":0},"end":{"line":91,"column":47}},"91":{"start":{"line":92,"column":0},"end":{"line":92,"column":49}},"92":{"start":{"line":93,"column":0},"end":{"line":93,"column":37}},"93":{"start":{"line":94,"column":0},"end":{"line":94,"column":22}},"94":{"start":{"line":95,"column":0},"end":{"line":95,"column":44}},"95":{"start":{"line":96,"column":0},"end":{"line":96,"column":82}},"96":{"start":{"line":97,"column":0},"end":{"line":97,"column":20}},"97":{"start":{"line":98,"column":0},"end":{"line":98,"column":72}},"98":{"start":{"line":99,"column":0},"end":{"line":99,"column":23}},"99":{"start":{"line":100,"column":0},"end":{"line":100,"column":20}},"100":{"start":{"line":101,"column":0},"end":{"line":101,"column":18}},"101":{"start":{"line":102,"column":0},"end":{"line":102,"column":63}},"102":{"start":{"line":103,"column":0},"end":{"line":103,"column":51}},"103":{"start":{"line":104,"column":0},"end":{"line":104,"column":55}},"104":{"start":{"line":105,"column":0},"end":{"line":105,"column":46}},"105":{"start":{"line":106,"column":0},"end":{"line":106,"column":47}},"106":{"start":{"line":107,"column":0},"end":{"line":107,"column":49}},"107":{"start":{"line":108,"column":0},"end":{"line":108,"column":37}},"108":{"start":{"line":109,"column":0},"end":{"line":109,"column":22}},"109":{"start":{"line":110,"column":0},"end":{"line":110,"column":44}},"110":{"start":{"line":111,"column":0},"end":{"line":111,"column":82}},"111":{"start":{"line":112,"column":0},"
[...]
olumn":38}},"216":{"start":{"line":217,"column":0},"end":{"line":217,"column":15}},"217":{"start":{"line":218,"column":0},"end":{"line":218,"column":5}},"219":{"start":{"line":220,"column":0},"end":{"line":220,"column":63}},"221":{"start":{"line":222,"column":0},"end":{"line":222,"column":18}},"222":{"start":{"line":223,"column":0},"end":{"line":223,"column":68}},"223":{"start":{"line":224,"column":0},"end":{"line":224,"column":15}},"224":{"start":{"line":225,"column":0},"end":{"line":225,"column":5}},"225":{"start":{"line":226,"column":0},"end":{"line":226,"column":24}},"227":{"start":{"line":228,"column":0},"end":{"line":228,"column":10}},"229":{"start":{"line":230,"column":0},"end":{"line":230,"column":20}},"230":{"start":{"line":231,"column":0},"end":{"line":231,"column":45}},"231":{"start":{"line":232,"column":0},"end":{"line":232,"column":47}},"234":{"start":{"line":235,"column":0},"end":{"line":235,"column":16}},"235":{"start":{"line":236,"column":0},"end":{"line":236,"column":16}},"238":{"start":{"line":239,"column":0},"end":{"line":239,"column":11}},"239":{"start":{"line":240,"column":0},"end":{"line":240,"column":18}},"240":{"start":{"line":241,"column":0},"end":{"line":241,"column":23}},"241":{"start":{"line":242,"column":0},"end":{"line":242,"column":17}},"242":{"start":{"line":243,"column":0},"end":{"line":243,"column":18}},"243":{"start":{"line":244,"column":0},"end":{"line":244,"column":13}},"244":{"start":{"line":245,"column":0},"end":{"line":245,"column":12}},"245":{"start":{"line":246,"column":0},"end":{"line":246,"column":20}},"248":{"start":{"line":249,"column":0},"end":{"line":249,"column":15}},"249":{"start":{"line":250,"column":0},"end":{"line":250,"column":3}},"250":{"start":{"line":251,"column":0},"end":{"line":251,"column":1}}},"s":{"0":1,"1":1,"10":1,"11":1,"12":1,"13":1,"14":1,"15":1,"16":1,"17":1,"18":1,"19":1,"20":1,"22":1,"23":1,"24":1,"25":1,"26":1,"27":1,"28":1,"29":1,"31":1,"32":97,"33":97,"34":97,"35":97,"36":97,"37":97,"39":97,"40":97,"42":97,"43":97,"44":97,"45":97,"47":97,"48":24,"49":0,"50":0,"51":0,"53":24,"54":24,"55":24,"56":24,"57":97,"59":97,"60":24,"61":24,"62":0,"63":0,"65":24,"66":24,"68":24,"69":24,"71":24,"72":24,"73":24,"74":24,"75":24,"77":24,"78":24,"79":24,"80":24,"81":24,"82":24,"83":24,"84":24,"87":24,"88":24,"89":24,"91":24,"92":24,"93":24,"94":0,"95":0,"96":0,"97":24,"98":24,"101":24,"102":24,"103":0,"104":0,"105":0,"106":0,"107":0,"108":24,"109":24,"110":24,"112":24,"113":0,"114":0,"115":0,"116":0,"117":0,"118":0,"120":24,"121":28,"122":28,"123":28,"125":28,"126":28,"127":8,"128":8,"129":28,"130":13,"131":13,"132":13,"133":13,"134":13,"135":28,"136":3,"137":3,"138":28,"139":1,"141":1,"142":1,"143":1,"144":28,"145":2,"146":2,"147":2,"148":2,"149":2,"150":2,"151":28,"152":28,"153":1,"154":1,"155":28,"156":97,"158":97,"159":63,"160":61,"161":61,"162":61,"163":61,"164":63,"165":2,"166":2,"167":2,"168":97,"171":97,"172":3,"173":97,"175":97,"176":2,"177":97,"179":97,"180":2,"181":97,"183":97,"184":2,"185":2,"186":97,"188":97,"189":0,"190":97,"192":97,"193":3,"194":97,"196":97,"197":2,"198":97,"200":97,"201":0,"202":0,"203":0,"204":0,"205":0,"206":0,"207":0,"208":0,"209":97,"212":97,"213":24,"215":24,"216":0,"217":0,"219":24,"221":24,"222":24,"223":24,"224":24,"225":97,"227":97,"229":97,"230":97,"231":97,"234":97,"235":97,"238":97,"239":97,"240":97,"241":97,"242":97,"243":97,"244":97,"245":97,"248":97,"249":97,"250":97},"branchMap":{"0":{"type":"branch","line":32,"loc":{"start":{"line":32,"column":7},"end":{"line":251,"column":1}},"locations":[{"start":{"line":32,"column":7},"end":{"line":251,"column":1}}]},"1":{"type":"branch","line":48,"loc":{"start":{"line":48,"column":30},"end":{"line":58,"column":5}},"locations":[{"start":{"line":48,"column":30},"end":{"line":58,"column":5}}]},"2":{"type":"branch","line":49,"loc":{"start":{"line":49,"column":37},"end":{"line":52,"column":5}},"locations":[{"start":{"line":49,"column":37},"end":{"line":52,"column":5}}]},"3":{"type":"branch","line":60,"loc":{"start":{"line":60,"column":30},"end":{"line":157,"column":5}},"locations":[{"start":{"line":60,"column":30},"end":{"line":157,"column":5}}]},"4":{"type":"branch","line":61,"loc":{"start":{"line":61,"column":14},"end":{"line":61,"column":38}},"locations":[{"start":{"line":61,"column":14},"end":{"line":61,"column":38}}]},"5":{"type":"branch","line":62,"loc":{"start":{"line":62,"column":12},"end":{"line":62,"column":36}},"locations":[{"start":{"line":62,"column":12},"end":{"line":62,"column":36}}]},"6":{"type":"branch","line":62,"loc":{"start":{"line":62,"column":58},"end":{"line":64,"column":5}},"locations":[{"start":{"line":62,"column":58},"end":{"line":64,"column":5}}]},"7":{"type":"branch","line":72,"loc":{"start":{"line":72,"column":23},"end":{"line":76,"column":6}},"locations":[{"start":{"line":72,"column":23},"end":{"line":76,"column":6}}]},"8":{"type":"branch","line":78,"loc":{"start":{"line":78,"column":23},"end":{"line":90,"column":5}},"locations":[{"start":{"line":78,"column":23},"end":{"line":90,"column":5}}]},"9":{"type":"branch","line":92,"loc":{"start":{"line":92,"column":24},"end":{"line":111,"column":5}},"locations":[{"start":{"line":92,"column":24},"end":{"line":111,"column":5}}]},"10":{"type":"branch","line":121,"loc":{"start":{"line":121,"column":26},"end":{"line":156,"column":5}},"locations":[{"start":{"line":121,"column":26},"end":{"line":156,"column":5}}]},"11":{"type":"branch","line":127,"loc":{"start":{"line":127,"column":10},"end":{"line":129,"column":17}},"locations":[{"start":{"line":127,"column":10},"end":{"line":129,"column":17}}]},"12":{"type":"branch","line":130,"loc":{"start":{"line":130,"column":10},"end":{"line":135,"column":17}},"locations":[{"start":{"line":130,"column":10},"end":{"line":135,"column":17}}]},"13":{"type":"branch","line":136,"loc":{"start":{"line":136,"column":10},"end":{"line":138,"column":17}},"locations":[{"start":{"line":136,"column":10},"end":{"line":138,"column":17}}]},"14":{"type":"branch","line":139,"loc":{"start":{"line":139,"column":10},"end":{"line":144,"column":17}},"locations":[{"start":{"line":139,"column":10},"end":{"line":144,"column":17}}]},"15":{"type":"branch","line":145,"loc":{"start":{"line":145,"column":10},"end":{"line":151,"column":17}},"locations":[{"start":{"line":145,"column":10},"end":{"line":151,"column":17}}]},"16":{"type":"branch","line":153,"loc":{"start":{"line":153,"column":6},"end":{"line":155,"column":7}},"locations":[{"start":{"line":153,"column":6},"end":{"line":155,"column":7}}]},"17":{"type":"branch","line":131,"loc":{"start":{"line":131,"column":27},"end":{"line":134,"column":14}},"locations":[{"start":{"line":131,"column":27},"end":{"line":134,"column":14}}]},"18":{"type":"branch","line":147,"loc":{"start":{"line":147,"column":31},"end":{"line":150,"column":14}},"locations":[{"start":{"line":147,"column":31},"end":{"line":150,"column":14}}]},"19":{"type":"branch","line":159,"loc":{"start":{"line":159,"column":34},"end":{"line":169,"column":5}},"locations":[{"start":{"line":159,"column":34},"end":{"line":169,"column":5}}]},"20":{"type":"branch","line":160,"loc":{"start":{"line":160,"column":14},"end":{"line":160,"column":38}},"locations":[{"start":{"line":160,"column":14},"end":{"line":160,"column":38}}]},"21":{"type":"branch","line":160,"loc":{"start":{"line":160,"column":54},"end":{"line":165,"column":11}},"locations":[{"start":{"line":160,"column":54},"end":{"line":165,"column":11}}]},"22":{"type":"branch","line":165,"loc":{"start":{"line":165,"column":4},"end":{"line":168,"column":5}},"locations":[{"start":{"line":165,"column":4},"end":{"line":168,"column":5}}]},"23":{"type":"branch","line":172,"loc":{"start":{"line":172,"column":29},"end":{"line":174,"column":5}},"locations":[{"start":{"line":172,"column":29},"end":{"line":174,"column":5}}]},"24":{"type":"branch","line":176,"loc":{"start":{"line":176,"column":36},"end":{"line":178,"column":5}},"locations":[{"start":{"line":176,"column":36},"end":{"line":178,"column":5}}]},"25":{"type":"branch","line":180,"loc":{"start":{"line":180,"column":41},"end":{"line":182,"column":5}},"locations":[{"start":{"line":180,"column":41},"end":{"line":182,"column":5}}]},"26":{"type":"branch","line":184,"loc":{"start":{"line":184,"column":35},"end":{"line":187,"column":5}},"locations":[{"start":{"line":184,"column":35},"end":{"line":187,"column":5}}]},"27":{"type":"branch","line":193,"loc":{"start":{"line":193,"column":31},"end":{"line":195,"column":5}},"locations":[{"start":{"line":193,"column":31},"end":{"line":195,"column":5}}]},"28":{"type":"branch","line":197,"loc":{"start":{"line":197,"column":30},"end":{"line":199,"column":5}},"locations":[{"start":{"line":197,"column":30},"end":{"line":199,"column":5}}]},"29":{"type":"branch","line":213,"loc":{"start":{"line":213,"column":12},"end":{"line":226,"column":5}},"locations":[{"start":{"line":213,"column":12},"end":{"line":226,"column":5}}]},"30":{"type":"branch","line":222,"loc":{"start":{"line":222,"column":11},"end":{"line":225,"column":5}},"locations":[{"start":{"line":222,"column":11},"end":{"line":225,"column":5}}]}},"b":{"0":[97],"1":[24],"2":[0],"3":[24],"4":[0],"5":[0],"6":[0],"7":[24],"8":[24],"9":[24],"10":[28],"11":[8],"12":[13],"13":[3],"14":[1],"15":[2],"16":[1],"17":[13],"18":[2],"19":[63],"20":[61],"21":[61],"22":[2],"23":[3],"24":[2],"25":[2],"26":[2],"27":[3],"28":[2],"29":[24],"30":[24]},"fnMap":{"0":{"name":"useMotorController","decl":{"start":{"line":32,"column":7},"end":{"line":251,"column":1}},"loc":{"start":{"line":32,"column":7},"end":{"line":251,"column":1}},"line":32},"1":{"name":"websocket.onopen","decl":{"start":{"line":78,"column":23},"end":{"line":90,"column":5}},"loc":{"start":{"line":78,"column":23},"end":{"line":90,"column":5}},"line":78},"2":{"name":"websocket.onclose","decl":{"start":{"line":92,"column":24},"end":{"line":111,"column":5}},"loc":{"start":{"line":92,"column":24},"end":{"line":111,"column":5}},"line":92},"3":{"name":"websocket.onerror","decl":{"start":{"line":113,"column":24},"end":{"line":119,"column":5}},"loc":{"start":{"line":113,"column":24},"end":{"line":119,"column":5}},"line":113},"4":{"name":"websocket.onmessage","decl":{"start":{"line":121,"column":26},"end":{"line":156,"column":5}},"loc":{"start":{"line":121,"column":26},"end":{"line":156,"column":5}},"line":121},"5":{"name":"handleBeforeUnload","decl":{"start":{"line":216,"column":31},"end":{"line":218,"column":5}},"loc":{"start":{"line":216,"column":31},"end":{"line":218,"column":5}},"line":216}},"f":{"0":97,"1":24,"2":24,"3":0,"4":28,"5":0}}
,"/Users/costyn/Developer/platformio/lilygo-motion-controller/webapp/src/lib/utils.ts": {"path":"/Users/costyn/Developer/platformio/lilygo-motion-controller/webapp/src/lib/utils.ts","all":false,"statementMap":{"0":{"start":{"line":1,"column":0},"end":{"line":1,"column":44}},"1":{"start":{"line":2,"column":0},"end":{"line":2,"column":40}},"3":{"start":{"line":4,"column":0},"end":{"line":4,"column":45}},"4":{"start":{"line":5,"column":0},"end":{"line":5,"column":30}},"5":{"start":{"line":6,"column":0},"end":{"line":6,"column":1}},"9":{"start":{"line":10,"column":0},"end":{"line":10,"column":67}},"11":{"start":{"line":12,"column":0},"end":{"line":12,"column":59}},"18":{"start":{"line":19,"column":0},"end":{"line":19,"column":74}},"21":{"start":{"line":22,"column":0},"end":{"line":22,"column":57}},"22":{"start":{"line":23,"column":0},"end":{"line":23,"column":60}},"23":{"start":{"line":24,"column":0},"end":{"line":24,"column":3}},"25":{"start":{"line":26,"column":0},"end":{"line":26,"column":59}},"26":{"start":{"line":27,"column":0},"end":{"line":27,"column":1}},"28":{"start":{"line":29,"column":0},"end":{"line":29,"column":58}},"29":{"start":{"line":30,"column":0},"end":{"line":30,"column":35}},"30":{"start":{"line":31,"column":0},"end":{"line":31,"column":1}},"32":{"start":{"line":33,"column":0},"end":{"line":33,"column":97}},"33":{"start":{"line":34,"column":0},"end":{"line":34,"column":54}},"34":{"start":{"line":35,"column":0},"end":{"line":35,"column":1}},"36":{"start":{"line":37,"column":0},"end":{"line":37,"column":93}},"37":{"start":{"line":38,"column":0},"end":{"line":38,"column":58}},"38":{"start":{"line":39,"column":0},"end":{"line":39,"column":1}},"41":{"start":{"line":42,"column":0},"end":{"line":42,"column":60}},"42":{"start":{"line":43,"column":0},"end":{"line":43,"column":10}},"43":{"start":{"line":44,"column":0},"end":{"line":44,"column":14}},"44":{"start":{"line":45,"column":0},"end":{"line":45,"column":6}},"45":{"start":{"line":46,"column":0},"end":{"line":46,"column":42}},"47":{"start":{"line":48,"column":0},"end":{"line":48,"column":31}},"48":{"start":{"line":49,"column":0},"end":{"line":49,"column":25}},"49":{"start":{"line":50,"column":0},"end":{"line":50,"column":28}},"50":{"start":{"line":51,"column":0},"end":{"line":51,"column":20}},"51":{"start":{"line":52,"column":0},"end":{"line":52,"column":6}},"53":{"start":{"line":54,"column":0},"end":{"line":54,"column":26}},"54":{"start":{"line":55,"column":0},"end":{"line":55,"column":38}},"55":{"start":{"line":56,"column":0},"end":{"line":56,"column":10}},"56":{"start":{"line":57,"column":0},"end":{"line":57,"column":1}},"59":{"start":{"line":60,"column":0},"end":{"line":60,"column":38}},"60":{"start":{"line":61,"column":0},"end":{"line":61,"column":72}},"61":{"start":{"line":62,"column":0},"end":{"line":62,"column":1}},"64":{"start":{"line":65,"column":0},"end":{"line":65,"column":24}},"65":{"start":{"line":66,"column":0},"end":{"line":66,"column":48}},"66":{"start":{"line":67,"column":0},"end":{"line":67,"column":9}},"67":{"start":{"line":68,"column":0},"end":{"line":68,"column":45}},"68":{"start":{"line":69,"column":0},"end":{"line":69,"column":52}},"69":{"start":{"line":70,"column":0},"end":{"line":70,"column":13}},"70":{"start":{"line":71,"column":0},"end":{"line":71,"column":26}},"71":{"start":{"line":72,"column":0},"end":{"line":72,"column":5}},"72":{"start":{"line":73,"column":0},"end":{"line":73,"column":4}},"74":{"start":{"line":75,"column":0},"end":{"line":75,"column":43}},"75":{"start":{"line":76,"column":0},"end":{"line":76,"column":9}},"76":{"start":{"line":77,"column":0},"end":{"line":77,"column":55}},"77":{"start":{"line":78,"column":0},"end":{"line":78,"column":13}},"79":{"start":{"line":80,"column":0},"end":{"line":80,"column":5}},"80":{"start":{"line":81,"column":0},"end":{"line":81,"column":4}},"82":{"start":{"line":83,"column":0},"end":{"line":83,"column":34}},"83":{"start":{"line":84,"column":0},"end":{"line":84,"column":9}},"84":{"start":{"line":85,"column":0},"end":{"line":85,"column":35}},"85":{"start":{"line":86,"column":0},"end":{"line":86,"column":13}},"87":{"start":{"line":88,"column":0},"end":{"line":88,"column":5}},"88":{"start":{"line":89,"column":0},"end":{"line":89,"column":3}},"89":{"start":{"line":90,"column":0},"end":{"line":90,"column":2}},"92":{"start":{"line":93,"column":0},"end":{"line":93,"column":46}},"93":{"start":{"line":94,"column":0},"end":{"line":94,"column":50}},"97":{"start":{"line":98,"column":0},"end":{"line":98,"column":52}},"98":{"start":{"line":99,"column":0},"end":{"line":99,"column":86}},"99":{"start":{"line":100,"column":0},"end":{"line":100,"column":1}},"101":{"start":{"line":102,"column":0},"end":{"line":102,"column":42}},"102":{"start":{"line":103,"column":0},"end":{"line":103,"column":40}},"104":{"start":{"line":105,"column":0},"end":{"line":105,"column":39}},"105":{"start":{"line":106,"column":0},"end":{"line":106,"column":27}},"106":{"start":{"line":107,"column":0},"end":{"line":107,"column":38}},"107":{"start":{"line":108,"column":0},"end":{"line":108,"column":10}},"108":{"start":{"line":109,"column":0},"end":{"line":109,"column":27}},"109":{"start":{"line":110,"column":0},"end":{"line":110,"column":3}},"111":{"start":{"line":112,"column":0},"end":{"line":112,"column":34}},"112":{"start":{"line":113,"column":0},"end":{"line":113,"column":31}},"113":{"start":{"line":114,"column":0},"end":{"line":114,"column":10}},"114":{"start":{"line":115,"column":0},"end":{"line":115,"column":34}},"115":{"start":{"line":116,"column":0},"end":{"line":116,"column":3}},"116":{"start":{"line":117,"column":0},"end":{"line":117,"column":1}}},"s":{"0":1,"1":1,"3":1,"4":979,"5":979,"9":1,"11":1,"18":0,"21":0,"22":0,"23":0,"25":0,"26":0,"28":1,"29":80,"30":80,"32":1,"33":0,"34":0,"36":1,"37":0,"38":0,"41":1,"42":0,"43":0,"44":0,"45":0,"47":0,"48":0,"49":0,"50":0,"51":0,"53":0,"54":0,"55":0,"56":0,"59":1,"60":0,"61":0,"64":1,"65":1,"66":0,"67":0,"68":0,"69":0,"70":0,"71":0,"72":0,"74":1,"75":0,"76":0,"77":0,"79":0,"80":0,"82":1,"83":0,"84":0,"85":0,"87":0,"88":0,"89":1,"92":1,"93":1,"97":1,"98":0,"99":0,"101":1,"102":0,"104":0,"105":0,"106":0,"107":0,"108":0,"109":0,"111":0,"112":0,"113":0,"114":0,"115":0,"116":0},"branchMap":{"0":{"type":"branch","line":4,"loc":{"start":{"line":4,"column":7},"end":{"line":6,"column":1}},"locations":[{"start":{"line":4,"column":7},"end":{"line":6,"column":1}}]},"1":{"type":"branch","line":29,"loc":{"start":{"line":29,"column":7},"end":{"line":31,"column":1}},"locations":[{"start":{"line":29,"column":7},"end":{"line":31,"column":1}}]}},"b":{"0":[979],"1":[80]},"fnMap":{"0":{"name":"cn","decl":{"start":{"line":4,"column":7},"end":{"line":6,"column":1}},"loc":{"start":{"line":4,"column":7},"end":{"line":6,"column":1}},"line":4},"1":{"name":"getWebSocketUrl","decl":{"start":{"line":12,"column":7},"end":{"line":27,"column":1}},"loc":{"start":{"line":12,"column":7},"end":{"line":27,"column":1}},"line":12},"2":{"name":"formatPosition","decl":{"start":{"line":29,"column":7},"end":{"line":31,"column":1}},"loc":{"start":{"line":29,"column":7},"end":{"line":31,"column":1}},"line":29},"3":{"name":"validatePosition","decl":{"start":{"line":33,"column":7},"end":{"line":35,"column":1}},"loc":{"start":{"line":33,"column":7},"end":{"line":35,"column":1}},"line":33},"4":{"name":"clampPosition","decl":{"start":{"line":37,"column":7},"end":{"line":39,"column":1}},"loc":{"start":{"line":37,"column":7},"end":{"line":39,"column":1}},"line":37},"5":{"name":"debounce","decl":{"start":{"line":42,"column":7},"end":{"line":57,"column":1}},"loc":{"start":{"line":42,"column":7},"end":{"line":57,"column":1}},"line":42},"6":{"name":"generateId","decl":{"start":{"line":60,"column":7},"end":{"line":62,"column":1}},"loc":{"start":{"line":60,"column":7},"end":{"line":62,"column":1}},"line":60},"7":{"name":"get","decl":{"start":{"line":66,"column":7},"end":{"line":73,"column":4}},"loc":{"start":{"line":66,"column":7},"end":{"line":73,"column":4}},"line":66},"8":{"name":"set","decl":{"start":{"line":75,"column":7},"end":{"line":81,"column":4}},"loc":{"start":{"line":75,"column":7},"end":{"line":81,"column":4}},"line":75},"9":{"name":"remove","decl":{"start":{"line":83,"column":10},"end":{"line":89,"column":3}},"loc":{"start":{"line":83,"column":10},"end":{"line":89,"column":3}},"line":83},"10":{"name":"getSystemTheme","decl":{"start":{"line":98,"column":7},"end":{"line":100,"column":1}},"loc":{"start":{"line":98,"column":7},"end":{"line":100,"column":1}},"line":98},"11":{"name":"applyTheme","decl":{"start":{"line":102,"column":7},"end":{"line":117,"column":1}},"loc":{"start":{"line":102,"column":7},"end":{"line":117,"column":1}},"line":102}},"f":{"0":979,"1":0,"2":80,"3":0,"4":0,"5":0,"6":0,"7":0,"8":0,"9":0,"10":0,"11":0}}
,"/Users/costyn/Developer/platformio/lilygo-motion-controller/webapp/src/types/index.ts": {"path":"/Users/costyn/Developer/platformio/lilygo-motion-controller/webapp/src/types/index.ts","all":true,"statementMap":{},"s":{},"branchMap":{"0":{"type":"branch","line":1,"loc":{"start":{"line":1,"column":2091},"end":{"line":118,"column":1}},"locations":[{"start":{"line":1,"column":2091},"end":{"line":118,"column":1}}]}},"b":{"0":[1]},"fnMap":{"0":{"name":"(empty-report)","decl":{"start":{"line":1,"column":2091},"end":{"line":118,"column":1}},"loc":{"start":{"line":1,"column":2091},"end":{"line":118,"column":1}},"line":1}},"f":{"0":1}}
}
