TN:
SF:src/App.tsx
FN:1,(empty-report)
FNF:1
FNH:0
FNDA:0,(empty-report)
DA:1,0
DA:2,0
DA:3,0
DA:4,0
DA:5,0
DA:6,0
DA:7,0
DA:8,0
DA:9,0
DA:10,0
DA:11,0
DA:13,0
DA:14,0
DA:16,0
DA:17,0
DA:18,0
DA:19,0
DA:20,0
DA:21,0
DA:22,0
DA:23,0
DA:24,0
DA:25,0
DA:26,0
DA:27,0
DA:28,0
DA:31,0
DA:34,0
DA:35,0
DA:36,0
DA:38,0
DA:39,0
DA:40,0
DA:42,0
DA:43,0
DA:44,0
DA:46,0
DA:47,0
DA:48,0
DA:49,0
DA:50,0
DA:52,0
DA:53,0
DA:55,0
DA:56,0
DA:57,0
DA:58,0
DA:59,0
DA:60,0
DA:61,0
DA:62,0
DA:63,0
DA:64,0
DA:66,0
DA:67,0
DA:69,0
DA:71,0
DA:72,0
DA:73,0
DA:74,0
DA:76,0
DA:78,0
DA:79,0
DA:80,0
DA:81,0
DA:82,0
DA:84,0
DA:85,0
DA:86,0
DA:87,0
DA:88,0
DA:90,0
DA:92,0
DA:93,0
DA:94,0
DA:95,0
DA:96,0
DA:97,0
DA:100,0
DA:101,0
DA:103,0
DA:104,0
DA:105,0
DA:106,0
DA:107,0
DA:108,0
DA:111,0
DA:112,0
DA:113,0
DA:114,0
DA:115,0
DA:116,0
DA:117,0
DA:118,0
DA:119,0
DA:120,0
DA:121,0
DA:124,0
DA:125,0
DA:126,0
DA:127,0
DA:128,0
DA:129,0
DA:130,0
DA:131,0
DA:132,0
DA:133,0
DA:134,0
DA:135,0
DA:136,0
DA:139,0
DA:140,0
DA:141,0
DA:142,0
DA:143,0
DA:144,0
DA:145,0
DA:146,0
DA:149,0
DA:150,0
DA:151,0
DA:152,0
DA:153,0
DA:154,0
DA:155,0
DA:156,0
DA:158,0
DA:160,0
DA:161,0
DA:162,0
DA:163,0
DA:164,0
DA:166,0
DA:168,0
LF:134
LH:0
BRDA:1,0,0,0
BRF:1
BRH:0
end_of_record
TN:
SF:src/main.tsx
FN:1,(empty-report)
FNF:1
FNH:0
FNDA:0,(empty-report)
DA:1,0
DA:2,0
DA:3,0
DA:4,0
DA:6,0
DA:7,0
DA:8,0
DA:9,0
DA:11,0
DA:12,0
DA:13,0
DA:14,0
DA:15,0
LF:13
LH:0
BRDA:1,0,0,0
BRF:1
BRH:0
end_of_record
TN:
SF:src/vite-env.d.ts
FN:1,(empty-report)
FNF:1
FNH:1
FNDA:1,(empty-report)
LF:0
LH:0
BRDA:1,0,0,1
BRF:1
BRH:1
end_of_record
TN:
SF:src/components/ThemeProvider.tsx
FN:1,(empty-report)
FNF:1
FNH:0
FNDA:0,(empty-report)
DA:1,0
DA:2,0
DA:9,0
DA:12,0
DA:13,0
DA:14,0
DA:15,0
DA:17,0
DA:18,0
DA:19,0
DA:20,0
DA:21,0
DA:23,0
DA:24,0
DA:26,0
DA:28,0
DA:29,0
DA:31,0
DA:32,0
DA:33,0
DA:34,0
DA:36,0
DA:38,0
DA:39,0
DA:40,0
DA:42,0
DA:43,0
DA:44,0
DA:45,0
DA:47,0
DA:48,0
DA:49,0
DA:50,0
DA:52,0
DA:54,0
DA:55,0
DA:56,0
DA:57,0
DA:58,0
LF:39
LH:0
BRDA:1,0,0,0
BRF:1
BRH:0
end_of_record
TN:
SF:src/components/DebugConsole/DebugConsole.tsx
FN:1,(empty-report)
FNF:1
FNH:0
FNDA:0,(empty-report)
DA:1,0
DA:2,0
DA:3,0
DA:4,0
DA:5,0
DA:7,0
DA:8,0
DA:9,0
DA:10,0
DA:11,0
DA:12,0
DA:14,0
DA:15,0
DA:16,0
DA:17,0
DA:19,0
DA:20,0
DA:22,0
DA:23,0
DA:25,0
DA:27,0
DA:28,0
DA:29,0
DA:30,0
DA:32,0
DA:33,0
DA:34,0
DA:36,0
DA:37,0
DA:38,0
DA:39,0
DA:40,0
DA:42,0
DA:43,0
DA:44,0
DA:45,0
DA:46,0
DA:48,0
DA:49,0
DA:52,0
DA:53,0
DA:55,0
DA:56,0
DA:57,0
DA:58,0
DA:59,0
DA:60,0
DA:61,0
DA:64,0
DA:65,0
DA:66,0
DA:67,0
DA:68,0
DA:70,0
DA:71,0
DA:72,0
DA:74,0
DA:75,0
DA:76,0
DA:78,0
DA:79,0
DA:80,0
DA:81,0
DA:82,0
DA:83,0
DA:84,0
DA:86,0
DA:87,0
DA:88,0
DA:89,0
DA:90,0
DA:91,0
DA:92,0
DA:93,0
DA:94,0
DA:96,0
DA:97,0
DA:98,0
DA:99,0
DA:100,0
DA:101,0
DA:102,0
DA:103,0
DA:104,0
DA:105,0
DA:106,0
DA:107,0
DA:108,0
DA:110,0
DA:111,0
DA:112,0
DA:113,0
DA:114,0
DA:115,0
DA:116,0
DA:117,0
DA:119,0
DA:120,0
DA:121,0
DA:122,0
DA:123,0
DA:124,0
DA:125,0
DA:127,0
DA:128,0
DA:130,0
DA:132,0
DA:133,0
DA:134,0
DA:135,0
DA:136,0
DA:137,0
DA:138,0
DA:139,0
DA:141,0
DA:142,0
DA:143,0
DA:144,0
DA:145,0
DA:146,0
DA:147,0
DA:149,0
DA:151,0
DA:153,0
LF:124
LH:0
BRDA:1,0,0,0
BRF:1
BRH:0
end_of_record
TN:
SF:src/components/MotorConfig/MotorConfigDialog.tsx
FN:17,MotorConfigDialog
FN:53,validateMaxSpeed
FN:60,validateAcceleration
FN:67,validateLimits
FN:75,handleMaxSpeedChange
FN:87,handleAccelerationChange
FN:99,handleMinLimitChange
FN:113,handleMaxLimitChange
FN:139,handleRevert
FN:152,handleApply
FN:182,onChange
FN:203,onChange
FN:245,onChange
FN:261,onChange
FNF:14
FNH:12
FNDA:41,MotorConfigDialog
FNDA:7,validateMaxSpeed
FNDA:3,validateAcceleration
FNDA:1,validateLimits
FNDA:7,handleMaxSpeedChange
FNDA:3,handleAccelerationChange
FNDA:1,handleMinLimitChange
FNDA:0,handleMaxLimitChange
FNDA:1,handleRevert
FNDA:2,handleApply
FNDA:7,onChange
FNDA:3,onChange
FNDA:1,onChange
FNDA:0,onChange
DA:1,1
DA:2,1
DA:3,1
DA:4,1
DA:5,1
DA:6,1
DA:17,1
DA:18,41
DA:19,41
DA:20,41
DA:21,41
DA:22,41
DA:23,41
DA:25,41
DA:26,41
DA:27,41
DA:28,41
DA:29,41
DA:32,41
DA:33,41
DA:34,41
DA:35,41
DA:38,41
DA:39,17
DA:40,16
DA:41,16
DA:42,16
DA:43,16
DA:44,16
DA:45,16
DA:46,16
DA:47,16
DA:48,16
DA:49,16
DA:50,41
DA:53,41
DA:54,7
DA:55,3
DA:56,3
DA:57,4
DA:58,7
DA:60,41
DA:61,3
DA:62,2
DA:63,2
DA:64,1
DA:65,3
DA:67,41
DA:68,1
DA:69,1
DA:70,1
DA:71,0
DA:72,1
DA:75,41
DA:76,7
DA:77,7
DA:79,0
DA:80,0
DA:81,7
DA:82,7
DA:83,7
DA:84,7
DA:85,7
DA:87,41
DA:88,3
DA:89,3
DA:91,0
DA:92,0
DA:93,3
DA:94,3
DA:95,3
DA:96,3
DA:97,3
DA:99,41
DA:100,1
DA:101,1
DA:102,0
DA:103,0
DA:104,0
DA:105,1
DA:106,1
DA:107,1
DA:108,1
DA:109,1
DA:110,1
DA:111,1
DA:113,41
DA:114,0
DA:115,0
DA:116,0
DA:117,0
DA:118,0
DA:119,0
DA:120,0
DA:121,0
DA:122,0
DA:123,0
DA:124,0
DA:125,0
DA:128,41
DA:131,41
DA:132,41
DA:133,26
DA:134,22
DA:135,20
DA:136,18
DA:139,41
DA:140,1
DA:141,1
DA:142,1
DA:143,1
DA:144,1
DA:145,1
DA:146,1
DA:147,1
DA:148,1
DA:149,1
DA:152,41
DA:153,2
DA:155,2
DA:156,2
DA:157,2
DA:158,2
DA:159,2
DA:160,2
DA:162,2
DA:163,2
DA:164,2
DA:166,41
DA:167,41
DA:168,41
DA:169,41
DA:170,41
DA:171,41
DA:173,41
DA:175,41
DA:176,41
DA:177,41
DA:178,41
DA:179,41
DA:180,41
DA:181,41
DA:182,41
DA:183,41
DA:184,41
DA:185,41
DA:186,41
DA:187,41
DA:188,6
DA:190,41
DA:192,41
DA:193,41
DA:196,41
DA:197,41
DA:198,41
DA:199,41
DA:200,41
DA:201,41
DA:202,41
DA:203,41
DA:204,41
DA:205,41
DA:206,41
DA:207,41
DA:208,41
DA:209,4
DA:211,41
DA:213,41
DA:214,41
DA:217,41
DA:218,41
DA:219,41
DA:220,41
DA:221,41
DA:222,41
DA:223,41
DA:224,41
DA:225,41
DA:226,41
DA:227,41
DA:228,41
DA:229,41
DA:231,41
DA:232,41
DA:235,41
DA:236,41
DA:237,41
DA:238,41
DA:239,41
DA:240,41
DA:241,41
DA:242,41
DA:243,41
DA:244,41
DA:245,41
DA:246,41
DA:247,41
DA:248,41
DA:249,41
DA:250,41
DA:251,2
DA:253,41
DA:254,41
DA:255,41
DA:256,41
DA:257,41
DA:258,41
DA:259,41
DA:260,41
DA:261,41
DA:262,41
DA:263,41
DA:264,41
DA:265,41
DA:266,41
DA:267,2
DA:269,41
DA:270,41
DA:271,41
DA:273,41
DA:274,41
DA:275,41
DA:277,41
DA:278,41
DA:279,41
DA:280,41
DA:281,41
DA:282,41
DA:284,41
DA:285,41
DA:286,41
DA:287,41
DA:288,41
DA:290,41
DA:291,41
DA:292,41
DA:293,41
DA:295,41
LF:238
LH:218
BRDA:17,0,0,41
BRDA:128,1,0,35
BRDA:128,2,0,31
BRDA:128,3,0,29
BRDA:132,4,0,26
BRDA:133,5,0,22
BRDA:134,6,0,20
BRDA:135,7,0,18
BRDA:183,8,0,6
BRDA:183,9,0,35
BRDA:187,10,0,6
BRDA:204,11,0,4
BRDA:204,12,0,37
BRDA:208,13,0,4
BRDA:226,14,0,39
BRDA:226,15,0,2
BRDA:246,16,0,2
BRDA:246,17,0,39
BRDA:250,18,0,2
BRDA:262,19,0,2
BRDA:262,20,0,39
BRDA:266,21,0,2
BRDA:287,22,0,29
BRDA:287,23,0,11
BRDA:38,24,0,17
BRDA:39,25,0,16
BRDA:53,26,0,7
BRDA:54,27,0,5
BRDA:54,28,0,3
BRDA:56,29,0,4
BRDA:60,30,0,3
BRDA:61,31,0,2
BRDA:61,32,0,2
BRDA:63,33,0,1
BRDA:67,34,0,1
BRDA:70,35,0,0
BRDA:75,36,0,7
BRDA:77,37,0,0
BRDA:87,38,0,3
BRDA:89,39,0,0
BRDA:99,40,0,1
BRDA:101,41,0,0
BRDA:139,42,0,1
BRDA:152,43,0,2
BRDA:153,44,0,0
BRDA:156,45,0,1
BRDA:157,46,0,1
BRDA:158,47,0,1
BRDA:159,48,0,0
BRDA:160,49,0,0
BRDA:182,50,0,7
BRDA:203,51,0,3
BRDA:245,52,0,1
BRF:53
BRH:46
end_of_record
TN:
SF:src/components/MotorControl/JogControls.tsx
FN:18,JogControls
FN:31,handleMouseDown
FN:37,handleMouseUp
FN:43,handleMouseLeave
FN:50,handleTouchStart
FN:56,handleTouchEnd
FN:100,onMouseDown
FN:103,onTouchStart
FN:114,onMouseDown
FN:117,onTouchStart
FN:133,onClick
FN:140,onClick
FNF:12
FNH:11
FNDA:19,JogControls
FNDA:4,handleMouseDown
FNDA:1,handleMouseUp
FNDA:2,handleMouseLeave
FNDA:2,handleTouchStart
FNDA:1,handleTouchEnd
FNDA:1,onMouseDown
FNDA:0,onTouchStart
FNDA:3,onMouseDown
FNDA:2,onTouchStart
FNDA:1,onClick
FNDA:1,onClick
DA:1,1
DA:2,1
DA:3,1
DA:4,1
DA:18,1
DA:19,19
DA:20,19
DA:21,19
DA:22,19
DA:23,19
DA:24,19
DA:25,19
DA:26,19
DA:27,19
DA:28,19
DA:29,19
DA:31,19
DA:32,4
DA:33,4
DA:34,4
DA:35,4
DA:37,19
DA:38,1
DA:39,1
DA:40,1
DA:41,1
DA:43,19
DA:45,2
DA:46,1
DA:47,1
DA:48,2
DA:50,19
DA:51,2
DA:52,2
DA:53,2
DA:54,2
DA:56,19
DA:57,1
DA:58,1
DA:59,1
DA:60,1
DA:62,19
DA:64,19
DA:65,19
DA:66,19
DA:67,19
DA:68,19
DA:69,19
DA:71,19
DA:72,19
DA:73,4
DA:74,4
DA:75,4
DA:76,4
DA:77,4
DA:79,4
DA:81,4
DA:83,15
DA:84,15
DA:85,15
DA:86,15
DA:87,15
DA:89,15
DA:91,15
DA:93,19
DA:96,19
DA:97,19
DA:98,19
DA:99,19
DA:100,19
DA:101,19
DA:102,19
DA:103,19
DA:104,19
DA:105,19
DA:107,19
DA:108,19
DA:109,19
DA:111,19
DA:112,19
DA:113,19
DA:114,19
DA:115,19
DA:116,19
DA:117,19
DA:118,19
DA:119,19
DA:121,19
DA:122,19
DA:123,19
DA:124,19
DA:127,19
DA:128,19
DA:129,19
DA:130,19
DA:131,19
DA:132,19
DA:133,19
DA:134,19
DA:136,19
DA:137,19
DA:138,19
DA:139,19
DA:140,19
DA:141,19
DA:143,19
DA:144,19
DA:145,19
DA:146,19
DA:147,19
DA:149,19
LF:111
LH:111
BRDA:18,0,0,19
BRDA:62,1,0,16
BRDA:72,2,0,4
BRDA:81,3,0,15
BRDA:132,4,0,12
BRDA:139,5,0,12
BRDA:31,6,0,4
BRDA:32,7,0,0
BRDA:37,8,0,1
BRDA:38,9,0,0
BRDA:43,10,0,2
BRDA:45,11,0,1
BRDA:50,12,0,2
BRDA:51,13,0,0
BRDA:56,14,0,1
BRDA:57,15,0,0
BRDA:100,16,0,1
BRDA:114,17,0,3
BRDA:117,18,0,2
BRDA:133,19,0,1
BRDA:140,20,0,1
BRF:21
BRH:17
end_of_record
TN:
SF:src/components/MotorControl/MotorStatus.tsx
FN:1,(empty-report)
FNF:1
FNH:1
FNDA:1,(empty-report)
DA:2,0
DA:3,0
DA:5,0
DA:12,0
DA:13,0
DA:14,0
DA:15,0
DA:16,0
DA:17,0
DA:18,0
DA:19,0
DA:20,0
DA:21,0
DA:23,0
DA:24,0
DA:25,0
DA:26,0
DA:27,0
DA:28,0
DA:29,0
DA:30,0
DA:31,0
DA:33,0
DA:34,0
DA:35,0
DA:36,0
DA:38,0
DA:39,0
DA:40,0
DA:41,0
DA:42,0
DA:43,0
DA:44,0
DA:45,0
DA:46,0
DA:48,0
DA:49,0
DA:50,0
DA:51,0
DA:52,0
DA:53,0
DA:56,0
DA:57,0
DA:58,0
DA:59,0
DA:60,0
DA:62,0
DA:64,0
DA:65,0
DA:66,0
DA:67,0
DA:68,0
DA:71,0
DA:72,0
DA:73,0
DA:75,0
DA:76,0
DA:77,0
DA:78,0
DA:79,0
DA:80,0
DA:84,0
DA:85,0
DA:86,0
DA:87,0
DA:88,0
DA:89,0
DA:90,0
DA:91,0
DA:92,0
DA:93,0
DA:94,0
DA:95,0
DA:96,0
DA:97,0
DA:98,0
DA:99,0
DA:100,0
DA:101,0
DA:102,0
DA:103,0
DA:104,0
DA:105,0
DA:106,0
DA:107,0
DA:108,0
DA:109,0
DA:110,0
DA:111,0
DA:112,0
DA:113,0
DA:114,0
DA:115,0
DA:116,0
DA:117,0
DA:118,0
DA:119,0
DA:120,0
DA:122,0
LF:99
LH:0
BRDA:1,0,0,1
BRF:1
BRH:1
end_of_record
TN:
SF:src/components/MotorControl/PositionControl.tsx
FN:20,PositionControl
FN:39,handlePositionChange
FN:43,handleSpeedChange
FN:47,handleQuickPosition
FN:57,handleSliderCommit
FN:157,onClick
FNF:6
FNH:3
FNDA:20,PositionControl
FNDA:0,handlePositionChange
FNDA:0,handleSpeedChange
FNDA:5,handleQuickPosition
FNDA:0,handleSliderCommit
FNDA:5,onClick
DA:1,1
DA:2,1
DA:3,1
DA:4,1
DA:5,1
DA:6,1
DA:20,1
DA:21,20
DA:22,20
DA:23,20
DA:24,20
DA:25,20
DA:26,20
DA:27,20
DA:28,20
DA:29,20
DA:30,20
DA:33,20
DA:34,20
DA:35,20
DA:36,0
DA:37,20
DA:39,20
DA:40,0
DA:41,0
DA:43,20
DA:44,0
DA:45,0
DA:47,20
DA:48,5
DA:49,5
DA:52,5
DA:53,5
DA:54,5
DA:57,20
DA:58,0
DA:59,0
DA:60,0
DA:62,20
DA:65,20
DA:66,20
DA:67,20
DA:68,20
DA:69,20
DA:70,20
DA:72,20
DA:73,20
DA:74,20
DA:75,20
DA:76,20
DA:77,20
DA:78,20
DA:79,20
DA:80,20
DA:81,20
DA:82,20
DA:83,20
DA:84,20
DA:85,20
DA:88,20
DA:89,20
DA:90,20
DA:92,20
DA:93,20
DA:94,20
DA:95,20
DA:96,20
DA:97,20
DA:98,20
DA:99,20
DA:100,20
DA:101,20
DA:102,20
DA:103,20
DA:104,20
DA:105,20
DA:106,20
DA:107,20
DA:108,20
DA:109,20
DA:110,20
DA:111,20
DA:112,20
DA:113,20
DA:116,20
DA:118,20
DA:121,20
DA:122,20
DA:123,20
DA:125,20
DA:126,20
DA:127,20
DA:128,20
DA:129,20
DA:130,20
DA:131,20
DA:132,20
DA:133,20
DA:134,20
DA:135,20
DA:136,20
DA:137,20
DA:138,20
DA:139,20
DA:140,20
DA:141,20
DA:142,20
DA:143,20
DA:144,20
DA:145,20
DA:149,20
DA:150,20
DA:151,20
DA:152,20
DA:153,100
DA:154,100
DA:155,100
DA:156,100
DA:157,100
DA:158,100
DA:159,100
DA:161,100
DA:162,100
DA:163,20
DA:164,20
DA:165,20
DA:166,20
DA:167,20
DA:169,20
LF:129
LH:121
BRDA:20,0,0,20
BRDA:35,1,0,0
BRDA:62,2,0,19
BRDA:62,3,0,18
BRDA:47,4,0,5
BRDA:152,5,0,100
BRDA:157,6,0,5
BRF:7
BRH:6
end_of_record
TN:
SF:src/components/ui/button.tsx
FNF:0
FNH:0
DA:1,1
DA:2,1
DA:3,1
DA:5,1
DA:7,1
DA:8,1
DA:9,1
DA:10,1
DA:11,1
DA:12,1
DA:13,1
DA:14,1
DA:15,1
DA:16,1
DA:17,1
DA:18,1
DA:19,1
DA:20,1
DA:21,1
DA:22,1
DA:23,1
DA:24,1
DA:25,1
DA:26,1
DA:27,1
DA:28,1
DA:29,1
DA:30,1
DA:31,1
DA:32,1
DA:33,1
DA:34,1
DA:35,1
DA:43,1
DA:44,1
DA:45,253
DA:46,253
DA:47,253
DA:48,253
DA:49,253
DA:50,253
DA:51,253
DA:53,253
DA:54,1
DA:55,1
LF:45
LH:45
BRDA:44,0,0,253
BRDA:45,1,0,0
BRF:2
BRH:1
end_of_record
TN:
SF:src/components/ui/card.tsx
FNF:0
FNH:0
DA:1,1
DA:3,1
DA:5,1
DA:8,1
DA:9,39
DA:10,39
DA:11,39
DA:12,39
DA:13,39
DA:14,39
DA:15,39
DA:16,39
DA:17,39
DA:18,1
DA:20,1
DA:23,1
DA:24,39
DA:25,39
DA:26,39
DA:27,39
DA:28,39
DA:29,39
DA:30,1
DA:32,1
DA:35,1
DA:36,39
DA:37,39
DA:38,39
DA:39,39
DA:40,39
DA:41,39
DA:42,39
DA:43,39
DA:44,39
DA:45,1
DA:47,1
DA:50,1
DA:51,0
DA:52,0
DA:53,0
DA:54,0
DA:55,0
DA:56,0
DA:57,1
DA:59,1
DA:62,1
DA:63,39
DA:64,1
DA:65,1
DA:67,1
DA:70,1
DA:71,0
DA:72,0
DA:73,0
DA:74,0
DA:75,0
DA:76,0
DA:77,1
LF:58
LH:46
BRDA:8,0,0,39
BRDA:23,1,0,39
BRDA:35,2,0,39
BRDA:62,3,0,39
BRF:4
BRH:4
end_of_record
TN:
SF:src/components/ui/dialog.tsx
FN:54,DialogHeader
FN:68,DialogFooter
FNF:2
FNH:2
FNDA:29,DialogHeader
FNDA:29,DialogFooter
DA:1,1
DA:2,1
DA:3,1
DA:5,1
DA:7,1
DA:9,1
DA:11,1
DA:13,1
DA:15,1
DA:18,1
DA:19,45
DA:20,45
DA:21,45
DA:22,45
DA:23,45
DA:24,45
DA:25,45
DA:26,45
DA:27,45
DA:28,1
DA:30,1
DA:33,1
DA:34,30
DA:35,30
DA:36,30
DA:37,30
DA:38,30
DA:39,30
DA:40,30
DA:41,30
DA:42,30
DA:44,30
DA:45,30
DA:46,30
DA:47,30
DA:48,30
DA:49,30
DA:50,30
DA:51,1
DA:52,1
DA:54,1
DA:55,29
DA:56,29
DA:57,29
DA:58,29
DA:59,29
DA:60,29
DA:61,29
DA:62,29
DA:63,29
DA:64,29
DA:66,1
DA:68,1
DA:69,29
DA:70,29
DA:71,29
DA:72,29
DA:73,29
DA:74,29
DA:75,29
DA:76,29
DA:77,29
DA:78,29
DA:80,1
DA:82,1
DA:85,1
DA:86,29
DA:87,29
DA:88,29
DA:89,29
DA:90,29
DA:91,29
DA:92,29
DA:93,29
DA:94,29
DA:95,1
DA:97,1
DA:100,1
DA:101,0
DA:102,0
DA:103,0
DA:104,0
DA:105,0
DA:106,0
DA:107,1
LF:85
LH:79
BRDA:18,0,0,45
BRDA:33,1,0,30
BRDA:54,2,0,29
BRDA:68,3,0,29
BRDA:85,4,0,29
BRF:5
BRH:5
end_of_record
TN:
SF:src/components/ui/input.tsx
FNF:0
FNH:0
DA:1,1
DA:3,1
DA:8,1
DA:9,1
DA:10,116
DA:11,116
DA:12,116
DA:13,116
DA:14,116
DA:15,116
DA:16,116
DA:17,116
DA:18,116
DA:19,116
DA:21,116
DA:22,1
DA:23,1
LF:17
LH:17
BRDA:9,0,0,116
BRF:1
BRH:1
end_of_record
TN:
SF:src/components/ui/label.tsx
FNF:0
FNH:0
DA:1,1
DA:2,1
DA:3,1
DA:5,1
DA:7,1
DA:8,1
DA:9,1
DA:11,1
DA:15,1
DA:16,174
DA:17,174
DA:18,174
DA:19,174
DA:20,174
DA:21,174
DA:22,1
LF:16
LH:16
BRDA:15,0,0,174
BRF:1
BRH:1
end_of_record
TN:
SF:src/components/ui/progress.tsx
FNF:0
FNH:0
DA:1,1
DA:2,1
DA:4,1
DA:6,1
DA:9,1
DA:10,20
DA:11,20
DA:12,20
DA:13,20
DA:14,20
DA:15,20
DA:16,20
DA:18,20
DA:19,20
DA:20,20
DA:21,20
DA:22,20
DA:23,20
DA:24,1
LF:19
LH:19
BRDA:9,0,0,20
BRDA:20,1,0,11
BRF:2
BRH:2
end_of_record
TN:
SF:src/components/ui/slider.tsx
FNF:0
FNH:0
DA:1,1
DA:2,1
DA:4,1
DA:6,1
DA:9,1
DA:10,40
DA:11,40
DA:12,40
DA:13,40
DA:14,40
DA:15,40
DA:16,40
DA:18,40
DA:19,40
DA:20,40
DA:21,40
DA:22,40
DA:23,40
DA:24,1
LF:19
LH:19
BRDA:9,0,0,40
BRF:1
BRH:1
end_of_record
TN:
SF:src/components/ui/switch.tsx
FNF:0
FNH:0
DA:1,1
DA:2,1
DA:4,1
DA:6,1
DA:9,1
DA:10,29
DA:11,29
DA:12,29
DA:13,29
DA:14,29
DA:15,29
DA:16,29
DA:18,29
DA:19,29
DA:20,29
DA:21,29
DA:22,29
DA:23,29
DA:24,29
DA:25,1
LF:20
LH:20
BRDA:9,0,0,29
BRF:1
BRH:1
end_of_record
TN:
SF:src/components/ui/theme-toggle.tsx
FN:1,(empty-report)
FNF:1
FNH:0
FNDA:0,(empty-report)
DA:1,0
DA:2,0
DA:3,0
DA:5,0
DA:6,0
DA:8,0
DA:9,0
DA:10,0
DA:11,0
DA:12,0
DA:13,0
DA:15,0
DA:16,0
DA:17,0
DA:18,0
DA:19,0
DA:21,0
DA:22,0
DA:23,0
DA:24,0
DA:25,0
DA:26,0
DA:28,0
DA:29,0
DA:30,0
DA:31,0
DA:32,0
DA:34,0
LF:28
LH:0
BRDA:1,0,0,0
BRF:1
BRH:0
end_of_record
TN:
SF:src/hooks/useMotorController.tsx
FN:32,useMotorController
FN:78,websocket.onopen
FN:92,websocket.onclose
FN:113,websocket.onerror
FN:121,websocket.onmessage
FN:216,handleBeforeUnload
FNF:6
FNH:4
FNDA:97,useMotorController
FNDA:24,websocket.onopen
FNDA:24,websocket.onclose
FNDA:0,websocket.onerror
FNDA:28,websocket.onmessage
FNDA:0,handleBeforeUnload
DA:1,1
DA:2,1
DA:11,1
DA:12,1
DA:13,1
DA:14,1
DA:15,1
DA:16,1
DA:17,1
DA:18,1
DA:19,1
DA:20,1
DA:21,1
DA:23,1
DA:24,1
DA:25,1
DA:26,1
DA:27,1
DA:28,1
DA:29,1
DA:30,1
DA:32,1
DA:33,97
DA:34,97
DA:35,97
DA:36,97
DA:37,97
DA:38,97
DA:40,97
DA:41,97
DA:43,97
DA:44,97
DA:45,97
DA:46,97
DA:48,97
DA:49,24
DA:50,0
DA:51,0
DA:52,0
DA:54,24
DA:55,24
DA:56,24
DA:57,24
DA:58,97
DA:60,97
DA:61,24
DA:62,24
DA:63,0
DA:64,0
DA:66,24
DA:67,24
DA:69,24
DA:70,24
DA:72,24
DA:73,24
DA:74,24
DA:75,24
DA:76,24
DA:78,24
DA:79,24
DA:80,24
DA:81,24
DA:82,24
DA:83,24
DA:84,24
DA:85,24
DA:88,24
DA:89,24
DA:90,24
DA:92,24
DA:93,24
DA:94,24
DA:95,0
DA:96,0
DA:97,0
DA:98,24
DA:99,24
DA:102,24
DA:103,24
DA:104,0
DA:105,0
DA:106,0
DA:107,0
DA:108,0
DA:109,24
DA:110,24
DA:111,24
DA:113,24
DA:114,0
DA:115,0
DA:116,0
DA:117,0
DA:118,0
DA:119,0
DA:121,24
DA:122,28
DA:123,28
DA:124,28
DA:126,28
DA:127,28
DA:128,8
DA:129,8
DA:130,28
DA:131,13
DA:132,13
DA:133,13
DA:134,13
DA:135,13
DA:136,28
DA:137,3
DA:138,3
DA:139,28
DA:140,1
DA:142,1
DA:143,1
DA:144,1
DA:145,28
DA:146,2
DA:147,2
DA:148,2
DA:149,2
DA:150,2
DA:151,2
DA:152,28
DA:153,28
DA:154,1
DA:155,1
DA:156,28
DA:157,97
DA:159,97
DA:160,63
DA:161,61
DA:162,61
DA:163,61
DA:164,61
DA:165,63
DA:166,2
DA:167,2
DA:168,2
DA:169,97
DA:172,97
DA:173,3
DA:174,97
DA:176,97
DA:177,2
DA:178,97
DA:180,97
DA:181,2
DA:182,97
DA:184,97
DA:185,2
DA:186,2
DA:187,97
DA:189,97
DA:190,0
DA:191,97
DA:193,97
DA:194,3
DA:195,97
DA:197,97
DA:198,2
DA:199,97
DA:201,97
DA:202,0
DA:203,0
DA:204,0
DA:205,0
DA:206,0
DA:207,0
DA:208,0
DA:209,0
DA:210,97
DA:213,97
DA:214,24
DA:216,24
DA:217,0
DA:218,0
DA:220,24
DA:222,24
DA:223,24
DA:224,24
DA:225,24
DA:226,97
DA:228,97
DA:230,97
DA:231,97
DA:232,97
DA:235,97
DA:236,97
DA:239,97
DA:240,97
DA:241,97
DA:242,97
DA:243,97
DA:244,97
DA:245,97
DA:246,97
DA:249,97
DA:250,97
DA:251,97
LF:200
LH:170
BRDA:32,0,0,97
BRDA:48,1,0,24
BRDA:49,2,0,0
BRDA:60,3,0,24
BRDA:61,4,0,0
BRDA:62,5,0,0
BRDA:62,6,0,0
BRDA:72,7,0,24
BRDA:78,8,0,24
BRDA:92,9,0,24
BRDA:121,10,0,28
BRDA:127,11,0,8
BRDA:130,12,0,13
BRDA:136,13,0,3
BRDA:139,14,0,1
BRDA:145,15,0,2
BRDA:153,16,0,1
BRDA:131,17,0,13
BRDA:147,18,0,2
BRDA:159,19,0,63
BRDA:160,20,0,61
BRDA:160,21,0,61
BRDA:165,22,0,2
BRDA:172,23,0,3
BRDA:176,24,0,2
BRDA:180,25,0,2
BRDA:184,26,0,2
BRDA:193,27,0,3
BRDA:197,28,0,2
BRDA:213,29,0,24
BRDA:222,30,0,24
BRF:31
BRH:27
end_of_record
TN:
SF:src/lib/utils.ts
FN:4,cn
FN:12,getWebSocketUrl
FN:29,formatPosition
FN:33,validatePosition
FN:37,clampPosition
FN:42,debounce
FN:60,generateId
FN:66,get
FN:75,set
FN:83,remove
FN:98,getSystemTheme
FN:102,applyTheme
FNF:12
FNH:2
FNDA:979,cn
FNDA:0,getWebSocketUrl
FNDA:80,formatPosition
FNDA:0,validatePosition
FNDA:0,clampPosition
FNDA:0,debounce
FNDA:0,generateId
FNDA:0,get
FNDA:0,set
FNDA:0,remove
FNDA:0,getSystemTheme
FNDA:0,applyTheme
DA:1,1
DA:2,1
DA:4,1
DA:5,979
DA:6,979
DA:10,1
DA:12,1
DA:19,0
DA:22,0
DA:23,0
DA:24,0
DA:26,0
DA:27,0
DA:29,1
DA:30,80
DA:31,80
DA:33,1
DA:34,0
DA:35,0
DA:37,1
DA:38,0
DA:39,0
DA:42,1
DA:43,0
DA:44,0
DA:45,0
DA:46,0
DA:48,0
DA:49,0
DA:50,0
DA:51,0
DA:52,0
DA:54,0
DA:55,0
DA:56,0
DA:57,0
DA:60,1
DA:61,0
DA:62,0
DA:65,1
DA:66,1
DA:67,0
DA:68,0
DA:69,0
DA:70,0
DA:71,0
DA:72,0
DA:73,0
DA:75,1
DA:76,0
DA:77,0
DA:78,0
DA:80,0
DA:81,0
DA:83,1
DA:84,0
DA:85,0
DA:86,0
DA:88,0
DA:89,0
DA:90,1
DA:93,1
DA:94,1
DA:98,1
DA:99,0
DA:100,0
DA:102,1
DA:103,0
DA:105,0
DA:106,0
DA:107,0
DA:108,0
DA:109,0
DA:110,0
DA:112,0
DA:113,0
DA:114,0
DA:115,0
DA:116,0
DA:117,0
LF:80
LH:23
BRDA:4,0,0,979
BRDA:29,1,0,80
BRF:2
BRH:2
end_of_record
TN:
SF:src/types/index.ts
FN:1,(empty-report)
FNF:1
FNH:1
FNDA:1,(empty-report)
LF:0
LH:0
BRDA:1,0,0,1
BRF:1
BRH:1
end_of_record
